This is pdfTeX, Version 3.14159265-2.6-1.40.21 (MiKTeX 20.11) (preloaded format=pdflatex 2020.11.19)  15 FEB 2022 15:50
entering extended mode
**"./Quiz 1 representation of data.tex"
("Quiz 1 representation of data.tex"
LaTeX2e <2020-10-01> patch level 2
L3 programming layer <2020-10-27> xparse <2020-03-03>
("D:\Program Files (x86)\miktex\tex/latex/base\article.cls"
Document Class: article 2020/04/10 v1.4m Standard LaTeX document class
("D:\Program Files (x86)\miktex\tex/latex/base\size11.clo"
File: size11.clo 2020/04/10 v1.4m Standard LaTeX file (size option)
)
\c@part=\count175
\c@section=\count176
\c@subsection=\count177
\c@subsubsection=\count178
\c@paragraph=\count179
\c@subparagraph=\count180
\c@figure=\count181
\c@table=\count182
\abovecaptionskip=\skip47
\belowcaptionskip=\skip48
\bibindent=\dimen138
)
("D:\Program Files (x86)\miktex\tex/generic/babel\babel.sty"
Package: babel 2020/10/27 3.51 The Babel package

("D:\Program Files (x86)\miktex\tex/generic/babel\babel.def"
File: babel.def 2020/10/27 3.51 Babel common definitions
\babel@savecnt=\count183
\U@D=\dimen139
\l@babelnohyphens=\language79

("D:\Program Files (x86)\miktex\tex/generic/babel\txtbabel.def")
\bbl@readstream=\read2
)
\bbl@dirlevel=\count184

*************************************
* Local config file bblopts.cfg used
*
("D:\Program Files (x86)\miktex\tex/latex/arabi\bblopts.cfg"
File: bblopts.cfg 2005/09/08 v0.1 add Arabic and Farsi to "declared" options of
 babel
)
("D:\Program Files (x86)\miktex\tex/latex/babel-english\english.ldf"
Language: english 2017/06/06 v3.3r English support from the babel system
Package babel Info: \l@canadian = using hyphenrules for english
(babel)             (\language0) on input line 102.
Package babel Info: \l@australian = using hyphenrules for ukenglish
(babel)             (\language73) on input line 105.
Package babel Info: \l@newzealand = using hyphenrules for ukenglish
(babel)             (\language73) on input line 108.
))
("D:\Program Files (x86)\miktex\tex/latex/base\inputenc.sty"
Package: inputenc 2020/08/01 v1.3d Input encoding file
\inpenc@prehook=\toks15
\inpenc@posthook=\toks16
)
("D:\Program Files (x86)\miktex\tex/latex/amsmath\amsmath.sty"
Package: amsmath 2020/09/23 v2.17i AMS math features
\@mathmargin=\skip49

For additional information on amsmath, use the `?' option.
("D:\Program Files (x86)\miktex\tex/latex/amsmath\amstext.sty"
Package: amstext 2000/06/29 v2.01 AMS text

("D:\Program Files (x86)\miktex\tex/latex/amsmath\amsgen.sty"
File: amsgen.sty 1999/11/30 v2.0 generic functions
\@emptytoks=\toks17
\ex@=\dimen140
))
("D:\Program Files (x86)\miktex\tex/latex/amsmath\amsbsy.sty"
Package: amsbsy 1999/11/29 v1.2d Bold Symbols
\pmbraise@=\dimen141
)
("D:\Program Files (x86)\miktex\tex/latex/amsmath\amsopn.sty"
Package: amsopn 2016/03/08 v2.02 operator names
)
\inf@bad=\count185
LaTeX Info: Redefining \frac on input line 234.
\uproot@=\count186
\leftroot@=\count187
LaTeX Info: Redefining \overline on input line 399.
\classnum@=\count188
\DOTSCASE@=\count189
LaTeX Info: Redefining \ldots on input line 496.
LaTeX Info: Redefining \dots on input line 499.
LaTeX Info: Redefining \cdots on input line 620.
\Mathstrutbox@=\box47
\strutbox@=\box48
\big@size=\dimen142
LaTeX Font Info:    Redeclaring font encoding OML on input line 743.
LaTeX Font Info:    Redeclaring font encoding OMS on input line 744.
\macc@depth=\count190
\c@MaxMatrixCols=\count191
\dotsspace@=\muskip16
\c@parentequation=\count192
\dspbrk@lvl=\count193
\tag@help=\toks18
\row@=\count194
\column@=\count195
\maxfields@=\count196
\andhelp@=\toks19
\eqnshift@=\dimen143
\alignsep@=\dimen144
\tagshift@=\dimen145
\tagwidth@=\dimen146
\totwidth@=\dimen147
\lineht@=\dimen148
\@envbody=\toks20
\multlinegap=\skip50
\multlinetaggap=\skip51
\mathdisplay@stack=\toks21
LaTeX Info: Redefining \[ on input line 2923.
LaTeX Info: Redefining \] on input line 2924.
)
("D:\Program Files (x86)\miktex\tex/latex/amsfonts\amssymb.sty"
Package: amssymb 2013/01/14 v3.01 AMS font symbols

("D:\Program Files (x86)\miktex\tex/latex/amsfonts\amsfonts.sty"
Package: amsfonts 2013/01/14 v3.01 Basic AMSFonts support
\symAMSa=\mathgroup4
\symAMSb=\mathgroup5
LaTeX Font Info:    Redeclaring math symbol \hbar on input line 98.
LaTeX Font Info:    Overwriting math alphabet `\mathfrak' in version `bold'
(Font)                  U/euf/m/n --> U/euf/b/n on input line 106.
))
("D:\Program Files (x86)\miktex\tex/latex/parskip\parskip.sty"
Package: parskip 2020-06-15 v2.0f non-zero parskip adjustments

("D:\Program Files (x86)\miktex\tex/latex/kvoptions\kvoptions.sty"
Package: kvoptions 2020-10-07 v3.14 Key value format for package options (HO)

("D:\Program Files (x86)\miktex\tex/latex/graphics\keyval.sty"
Package: keyval 2014/10/28 v1.15 key=value parser (DPC)
\KV@toks@=\toks22
)
("D:\Program Files (x86)\miktex\tex/generic/ltxcmds\ltxcmds.sty"
Package: ltxcmds 2020-05-10 v1.25 LaTeX kernel commands for general use (HO)
)
("D:\Program Files (x86)\miktex\tex/generic/kvsetkeys\kvsetkeys.sty"
Package: kvsetkeys 2019/12/15 v1.18 Key value parser (HO)
))
("D:\Program Files (x86)\miktex\tex/latex/etoolbox\etoolbox.sty"
Package: etoolbox 2020/10/05 v2.5k e-TeX tools for LaTeX (JAW)
\etb@tempcnta=\count197
))
("D:\Program Files (x86)\miktex\tex/latex/enumitem\enumitem.sty"
Package: enumitem 2019/06/20 v3.9 Customized lists
\labelindent=\skip52
\enit@outerparindent=\dimen149
\enit@toks=\toks23
\enit@inbox=\box49
\enit@count@id=\count198
\enitdp@description=\count199
)
("D:\Program Files (x86)\miktex\tex/latex/siunitx\siunitx.sty"
("D:\Program Files (x86)\miktex\tex/latex/l3kernel\expl3.sty"
Package: expl3 2020-10-27 L3 programming layer (loader) 

("D:\Program Files (x86)\miktex\tex/latex/l3backend\l3backend-pdftex.def"
File: l3backend-pdftex.def 2020-09-24 L3 backend support: PDF output (pdfTeX)
\l__kernel_color_stack_int=\count266
\l__pdf_internal_box=\box50
))
("D:\Program Files (x86)\miktex\tex/latex/l3packages/xparse\xparse.sty"
Package: xparse 2020-10-27 L3 Experimental document command parser

("D:\Program Files (x86)\miktex\tex/latex/l3packages/xparse\xparse-generic.tex"
))
Package: siunitx 2020/02/25 v2.8b A comprehensive (SI) units package
 ("D:\Program Files (x86)\miktex\tex/latex/tools\array.sty"
Package: array 2019/08/31 v2.4l Tabular extension package (FMi)
\col@sep=\dimen150
\ar@mcellbox=\box51
\extrarowheight=\dimen151
\NC@list=\toks24
\extratabsurround=\skip53
\backup@length=\skip54
\ar@cellbox=\box52
)
("D:\Program Files (x86)\miktex\tex/latex/l3packages/l3keys2e\l3keys2e.sty"
Package: l3keys2e 2020-10-27 LaTeX2e option processing using LaTeX3 keys
)
\l__siunitx_tmp_box=\box53
\l__siunitx_tmp_dim=\dimen152
\l__siunitx_tmp_int=\count267
\l__siunitx_number_mantissa_length_int=\count268
\l__siunitx_number_uncert_length_int=\count269
\l__siunitx_round_int=\count270
\l__siunitx_process_decimal_int=\count271
\l__siunitx_process_uncertainty_int=\count272
\l__siunitx_process_fixed_int=\count273
\l__siunitx_process_integer_min_int=\count274
\l__siunitx_process_precision_int=\count275
\l__siunitx_group_min_int=\count276
\l__siunitx_angle_marker_box=\box54
\l__siunitx_angle_unit_box=\box55
\l__siunitx_angle_marker_dim=\dimen153
\l__siunitx_angle_unit_dim=\dimen154
\l__siunitx_unit_int=\count277
\l__siunitx_unit_denominator_int=\count278
\l__siunitx_unit_numerator_int=\count279
\l__siunitx_unit_prefix_int=\count280
\l__siunitx_unit_prefix_base_int=\count281
\l__siunitx_unit_prefix_gram_int=\count282
\l__siunitx_number_product_int=\count283
\c__siunitx_one_fill_skip=\skip55
\l__siunitx_table_unit_align_skip=\skip56
\l__siunitx_table_exponent_dim=\dimen155
\l__siunitx_table_integer_dim=\dimen156
\l__siunitx_table_mantissa_dim=\dimen157
\l__siunitx_table_marker_dim=\dimen158
\l__siunitx_table_result_dim=\dimen159
\l__siunitx_table_uncert_dim=\dimen160
\l__siunitx_table_fill_pre_dim=\dimen161
\l__siunitx_table_fill_post_dim=\dimen162
\l__siunitx_table_fill_mid_dim=\dimen163
\l__siunitx_table_pre_box=\box56
\l__siunitx_table_post_box=\box57
\l__siunitx_table_mantissa_box=\box58
\l__siunitx_table_result_box=\box59
\l__siunitx_table_number_align_skip=\skip57
\l__siunitx_table_text_align_skip=\skip58

("D:\Program Files (x86)\miktex\tex/latex/translator\translator.sty"
Package: translator 2020-08-03 v1.12c Easy translation of strings in LaTeX
))
("D:\Program Files (x86)\miktex\tex/latex/derivative\derivative.sty"
Package: derivative 2020/07/20 v0.98 Nice and easy derivatives
\l__deriv_vmo_int=\count284
\l__deriv_tmpa_int=\count285
\l__deriv_numerical_int=\count286
\l__deriv_sort_counter_int=\count287
\l__deriv_sort_max_int=\count288
\l__deriv_position_int=\count289
\l__deriv_rebuild_int=\count290
\l__deriv_odv_sep_inf_ord_muskip=\muskip17
\l__deriv_odv_sep_inf_fun_muskip=\muskip18
\l__deriv_odv_sep_ord_fun_muskip=\muskip19
\l__deriv_odv_sep_var_ord_muskip=\muskip20
\l__deriv_odv_sep_inf_var_muskip=\muskip21
\l__deriv_odv_sep_eval_sb_muskip=\muskip22
\l__deriv_odv_sep_eval_sp_muskip=\muskip23
\l__deriv_mdv_sep_inf_ord_muskip=\muskip24
\l__deriv_mdv_sep_inf_fun_muskip=\muskip25
\l__deriv_mdv_sep_ord_fun_muskip=\muskip26
\l__deriv_mdv_sep_var_ord_muskip=\muskip27
\l__deriv_mdv_sep_inf_var_muskip=\muskip28
\l__deriv_mdv_sep_eval_sb_muskip=\muskip29
\l__deriv_mdv_sep_eval_sp_muskip=\muskip30
\l__deriv_fdv_sep_inf_ord_muskip=\muskip31
\l__deriv_fdv_sep_inf_fun_muskip=\muskip32
\l__deriv_fdv_sep_ord_fun_muskip=\muskip33
\l__deriv_fdv_sep_var_ord_muskip=\muskip34
\l__deriv_fdv_sep_inf_var_muskip=\muskip35
\l__deriv_fdv_sep_eval_sb_muskip=\muskip36
\l__deriv_fdv_sep_eval_sp_muskip=\muskip37
\l__deriv_adv_sep_inf_ord_muskip=\muskip38
\l__deriv_adv_sep_inf_fun_muskip=\muskip39
\l__deriv_adv_sep_ord_fun_muskip=\muskip40
\l__deriv_adv_sep_var_ord_muskip=\muskip41
\l__deriv_adv_sep_inf_var_muskip=\muskip42
\l__deriv_adv_sep_eval_sb_muskip=\muskip43
\l__deriv_adv_sep_eval_sp_muskip=\muskip44
\l__deriv_jdv_sep_inf_ord_muskip=\muskip45
\l__deriv_jdv_sep_inf_fun_muskip=\muskip46
\l__deriv_jdv_sep_ord_fun_muskip=\muskip47
\l__deriv_jdv_sep_var_ord_muskip=\muskip48
\l__deriv_jdv_sep_inf_var_muskip=\muskip49
\l__deriv_jdv_sep_eval_sb_muskip=\muskip50
\l__deriv_jdv_sep_eval_sp_muskip=\muskip51
\l__deriv_pdv_sep_inf_ord_muskip=\muskip52
\l__deriv_pdv_sep_inf_fun_muskip=\muskip53
\l__deriv_pdv_sep_ord_fun_muskip=\muskip54
\l__deriv_pdv_sep_inf_var_muskip=\muskip55
\l__deriv_pdv_sep_var_ord_muskip=\muskip56
\l__deriv_pdv_sep_var_inf_muskip=\muskip57
\l__deriv_pdv_sep_ord_inf_muskip=\muskip58
\l__deriv_pdv_sep_eval_sb_muskip=\muskip59
\l__deriv_pdv_sep_eval_sp_muskip=\muskip60
)
("D:\Program Files (x86)\miktex\tex/latex/physics\physics.sty"
Package: physics 
)
("D:\Program Files (x86)\miktex\tex/latex/hyperref\hyperref.sty"
Package: hyperref 2020-05-15 v7.00e Hypertext links for LaTeX

("D:\Program Files (x86)\miktex\tex/generic/iftex\iftex.sty"
Package: iftex 2020/03/06 v1.0d TeX engine tests
)
("D:\Program Files (x86)\miktex\tex/generic/pdftexcmds\pdftexcmds.sty"
Package: pdftexcmds 2020-06-27 v0.33 Utility functions of pdfTeX for LuaTeX (HO
)

("D:\Program Files (x86)\miktex\tex/generic/infwarerr\infwarerr.sty"
Package: infwarerr 2019/12/03 v1.5 Providing info/warning/error messages (HO)
)
Package pdftexcmds Info: \pdf@primitive is available.
Package pdftexcmds Info: \pdf@ifprimitive is available.
Package pdftexcmds Info: \pdfdraftmode found.
)
("D:\Program Files (x86)\miktex\tex/generic/kvdefinekeys\kvdefinekeys.sty"
Package: kvdefinekeys 2019-12-19 v1.6 Define keys (HO)
)
("D:\Program Files (x86)\miktex\tex/generic/pdfescape\pdfescape.sty"
Package: pdfescape 2019/12/09 v1.15 Implements pdfTeX's escape features (HO)
)
("D:\Program Files (x86)\miktex\tex/latex/hycolor\hycolor.sty"
Package: hycolor 2020-01-27 v1.10 Color options for hyperref/bookmark (HO)
)
("D:\Program Files (x86)\miktex\tex/latex/letltxmacro\letltxmacro.sty"
Package: letltxmacro 2019/12/03 v1.6 Let assignment for LaTeX macros (HO)
)
("D:\Program Files (x86)\miktex\tex/latex/auxhook\auxhook.sty"
Package: auxhook 2019-12-17 v1.6 Hooks for auxiliary files (HO)
)
\@linkdim=\dimen164
\Hy@linkcounter=\count291
\Hy@pagecounter=\count292

("D:\Program Files (x86)\miktex\tex/latex/hyperref\pd1enc.def"
File: pd1enc.def 2020-05-15 v7.00e Hyperref: PDFDocEncoding definition (HO)
Now handling font encoding PD1 ...
... no UTF-8 mapping file for font encoding PD1
)
("D:\Program Files (x86)\miktex\tex/generic/intcalc\intcalc.sty"
Package: intcalc 2019/12/15 v1.3 Expandable calculations with integers (HO)
)
("D:\Program Files (x86)\miktex\tex/generic/etexcmds\etexcmds.sty"
Package: etexcmds 2019/12/15 v1.7 Avoid name clashes with e-TeX commands (HO)
)
\Hy@SavedSpaceFactor=\count293
Package hyperref Info: Hyper figures OFF on input line 4464.
Package hyperref Info: Link nesting OFF on input line 4469.
Package hyperref Info: Hyper index ON on input line 4472.
Package hyperref Info: Plain pages OFF on input line 4479.
Package hyperref Info: Backreferencing OFF on input line 4484.
Package hyperref Info: Implicit mode ON; LaTeX internals redefined.
Package hyperref Info: Bookmarks ON on input line 4717.
\c@Hy@tempcnt=\count294

("D:\Program Files (x86)\miktex\tex/latex/url\url.sty"
\Urlmuskip=\muskip61
Package: url 2013/09/16  ver 3.4  Verb mode for urls, etc.
)
LaTeX Info: Redefining \url on input line 5076.
\XeTeXLinkMargin=\dimen165

("D:\Program Files (x86)\miktex\tex/generic/bitset\bitset.sty"
Package: bitset 2019/12/09 v1.3 Handle bit-vector datatype (HO)

("D:\Program Files (x86)\miktex\tex/generic/bigintcalc\bigintcalc.sty"
Package: bigintcalc 2019/12/15 v1.5 Expandable calculations on big integers (HO
)
))
\Fld@menulength=\count295
\Field@Width=\dimen166
\Fld@charsize=\dimen167
Package hyperref Info: Hyper figures OFF on input line 6347.
Package hyperref Info: Link nesting OFF on input line 6352.
Package hyperref Info: Hyper index ON on input line 6355.
Package hyperref Info: backreferencing OFF on input line 6362.
Package hyperref Info: Link coloring OFF on input line 6367.
Package hyperref Info: Link coloring with OCG OFF on input line 6372.
Package hyperref Info: PDF/A mode OFF on input line 6377.
LaTeX Info: Redefining \ref on input line 6417.
LaTeX Info: Redefining \pageref on input line 6421.

("D:\Program Files (x86)\miktex\tex/latex/base\atbegshi-ltx.sty"
Package: atbegshi-ltx 2020/08/17 v1.0a Emulation of the original atbegshi packa
ge
with kernel methods
)
\Hy@abspage=\count296
\c@Item=\count297
\c@Hfootnote=\count298
)
Package hyperref Info: Driver (autodetected): hpdftex.

("D:\Program Files (x86)\miktex\tex/latex/hyperref\hpdftex.def"
File: hpdftex.def 2020-05-15 v7.00e Hyperref driver for pdfTeX

("D:\Program Files (x86)\miktex\tex/latex/base\atveryend-ltx.sty"
Package: atveryend-ltx 2020/08/19 v1.0a Emulation of the original atvery packag
e
with kernel methods
)
\Fld@listcount=\count299
\c@bookmark@seq@number=\count300

("D:\Program Files (x86)\miktex\tex/latex/rerunfilecheck\rerunfilecheck.sty"
Package: rerunfilecheck 2019/12/05 v1.9 Rerun checks for auxiliary files (HO)

("D:\Program Files (x86)\miktex\tex/generic/uniquecounter\uniquecounter.sty"
Package: uniquecounter 2019/12/15 v1.4 Provide unlimited unique counter (HO)
)
Package uniquecounter Info: New unique counter `rerunfilecheck' on input line 2
86.
)
\Hy@SectionHShift=\skip59
) ("D:\Program Files (x86)\miktex\tex/latex/pgf/frontendlayer\tikz.sty"
("D:\Program Files (x86)\miktex\tex/latex/pgf/basiclayer\pgf.sty"
("D:\Program Files (x86)\miktex\tex/latex/pgf/utilities\pgfrcs.sty"
("D:\Program Files (x86)\miktex\tex/generic/pgf/utilities\pgfutil-common.tex"
\pgfutil@everybye=\toks25
\pgfutil@tempdima=\dimen168
\pgfutil@tempdimb=\dimen169

("D:\Program Files (x86)\miktex\tex/generic/pgf/utilities\pgfutil-common-lists.
tex"))
("D:\Program Files (x86)\miktex\tex/generic/pgf/utilities\pgfutil-latex.def"
\pgfutil@abb=\box60
)
("D:\Program Files (x86)\miktex\tex/generic/pgf/utilities\pgfrcs.code.tex"
("D:\Program Files (x86)\miktex\tex/generic/pgf\pgf.revision.tex")
Package: pgfrcs 2020/10/01 v3.1.6a (3.1.6a)
))
Package: pgf 2020/10/01 v3.1.6a (3.1.6a)

("D:\Program Files (x86)\miktex\tex/latex/pgf/basiclayer\pgfcore.sty"
("D:\Program Files (x86)\miktex\tex/latex/graphics\graphicx.sty"
Package: graphicx 2020/09/09 v1.2b Enhanced LaTeX Graphics (DPC,SPQR)

("D:\Program Files (x86)\miktex\tex/latex/graphics\graphics.sty"
Package: graphics 2020/08/30 v1.4c Standard LaTeX Graphics (DPC,SPQR)

("D:\Program Files (x86)\miktex\tex/latex/graphics\trig.sty"
Package: trig 2016/01/03 v1.10 sin cos tan (DPC)
)
("D:\Program Files (x86)\miktex\tex/latex/graphics-cfg\graphics.cfg"
File: graphics.cfg 2016/06/04 v1.11 sample graphics configuration
)
Package graphics Info: Driver file: pdftex.def on input line 105.

("D:\Program Files (x86)\miktex\tex/latex/graphics-def\pdftex.def"
File: pdftex.def 2020/10/05 v1.2a Graphics/color driver for pdftex
))
\Gin@req@height=\dimen170
\Gin@req@width=\dimen171
)
("D:\Program Files (x86)\miktex\tex/latex/pgf/systemlayer\pgfsys.sty"
("D:\Program Files (x86)\miktex\tex/generic/pgf/systemlayer\pgfsys.code.tex"
Package: pgfsys 2020/10/01 v3.1.6a (3.1.6a)

("D:\Program Files (x86)\miktex\tex/generic/pgf/utilities\pgfkeys.code.tex"
\pgfkeys@pathtoks=\toks26
\pgfkeys@temptoks=\toks27

("D:\Program Files (x86)\miktex\tex/generic/pgf/utilities\pgfkeysfiltered.code.
tex"
\pgfkeys@tmptoks=\toks28
))
\pgf@x=\dimen172
\pgf@y=\dimen173
\pgf@xa=\dimen174
\pgf@ya=\dimen175
\pgf@xb=\dimen176
\pgf@yb=\dimen177
\pgf@xc=\dimen178
\pgf@yc=\dimen179
\pgf@xd=\dimen180
\pgf@yd=\dimen181
\w@pgf@writea=\write3
\r@pgf@reada=\read3
\c@pgf@counta=\count301
\c@pgf@countb=\count302
\c@pgf@countc=\count303
\c@pgf@countd=\count304
\t@pgf@toka=\toks29
\t@pgf@tokb=\toks30
\t@pgf@tokc=\toks31
\pgf@sys@id@count=\count305
 ("D:\Program Files (x86)\miktex\tex/generic/pgf/systemlayer\pgf.cfg"
File: pgf.cfg 2020/10/01 v3.1.6a (3.1.6a)
)
Driver file for pgf: pgfsys-pdftex.def

("D:\Program Files (x86)\miktex\tex/generic/pgf/systemlayer\pgfsys-pdftex.def"
File: pgfsys-pdftex.def 2020/10/01 v3.1.6a (3.1.6a)

("D:\Program Files (x86)\miktex\tex/generic/pgf/systemlayer\pgfsys-common-pdf.d
ef"
File: pgfsys-common-pdf.def 2020/10/01 v3.1.6a (3.1.6a)
)))
("D:\Program Files (x86)\miktex\tex/generic/pgf/systemlayer\pgfsyssoftpath.code
.tex"
File: pgfsyssoftpath.code.tex 2020/10/01 v3.1.6a (3.1.6a)
\pgfsyssoftpath@smallbuffer@items=\count306
\pgfsyssoftpath@bigbuffer@items=\count307
)
("D:\Program Files (x86)\miktex\tex/generic/pgf/systemlayer\pgfsysprotocol.code
.tex"
File: pgfsysprotocol.code.tex 2020/10/01 v3.1.6a (3.1.6a)
)) ("D:\Program Files (x86)\miktex\tex/latex/xcolor\xcolor.sty"
Package: xcolor 2016/05/11 v2.12 LaTeX color extensions (UK)

("D:\Program Files (x86)\miktex\tex/latex/graphics-cfg\color.cfg"
File: color.cfg 2016/01/02 v1.6 sample color configuration
)
Package xcolor Info: Driver file: pdftex.def on input line 225.
Package xcolor Info: Model `cmy' substituted by `cmy0' on input line 1348.
Package xcolor Info: Model `hsb' substituted by `rgb' on input line 1352.
Package xcolor Info: Model `RGB' extended on input line 1364.
Package xcolor Info: Model `HTML' substituted by `rgb' on input line 1366.
Package xcolor Info: Model `Hsb' substituted by `hsb' on input line 1367.
Package xcolor Info: Model `tHsb' substituted by `hsb' on input line 1368.
Package xcolor Info: Model `HSB' substituted by `hsb' on input line 1369.
Package xcolor Info: Model `Gray' substituted by `gray' on input line 1370.
Package xcolor Info: Model `wave' substituted by `hsb' on input line 1371.
)
("D:\Program Files (x86)\miktex\tex/generic/pgf/basiclayer\pgfcore.code.tex"
Package: pgfcore 2020/10/01 v3.1.6a (3.1.6a)

("D:\Program Files (x86)\miktex\tex/generic/pgf/math\pgfmath.code.tex"
("D:\Program Files (x86)\miktex\tex/generic/pgf/math\pgfmathcalc.code.tex"
("D:\Program Files (x86)\miktex\tex/generic/pgf/math\pgfmathutil.code.tex")
("D:\Program Files (x86)\miktex\tex/generic/pgf/math\pgfmathparser.code.tex"
\pgfmath@dimen=\dimen182
\pgfmath@count=\count308
\pgfmath@box=\box61
\pgfmath@toks=\toks32
\pgfmath@stack@operand=\toks33
\pgfmath@stack@operation=\toks34
)
("D:\Program Files (x86)\miktex\tex/generic/pgf/math\pgfmathfunctions.code.tex"

("D:\Program Files (x86)\miktex\tex/generic/pgf/math\pgfmathfunctions.basic.cod
e.tex")
("D:\Program Files (x86)\miktex\tex/generic/pgf/math\pgfmathfunctions.trigonome
tric.code.tex")
("D:\Program Files (x86)\miktex\tex/generic/pgf/math\pgfmathfunctions.random.co
de.tex")
("D:\Program Files (x86)\miktex\tex/generic/pgf/math\pgfmathfunctions.compariso
n.code.tex")
("D:\Program Files (x86)\miktex\tex/generic/pgf/math\pgfmathfunctions.base.code
.tex")
("D:\Program Files (x86)\miktex\tex/generic/pgf/math\pgfmathfunctions.round.cod
e.tex")
("D:\Program Files (x86)\miktex\tex/generic/pgf/math\pgfmathfunctions.misc.code
.tex")
("D:\Program Files (x86)\miktex\tex/generic/pgf/math\pgfmathfunctions.integerar
ithmetics.code.tex")))
("D:\Program Files (x86)\miktex\tex/generic/pgf/math\pgfmathfloat.code.tex"
\c@pgfmathroundto@lastzeros=\count309
))
("D:\Program Files (x86)\miktex\tex/generic/pgf/math\pgfint.code.tex")
("D:\Program Files (x86)\miktex\tex/generic/pgf/basiclayer\pgfcorepoints.code.t
ex"
File: pgfcorepoints.code.tex 2020/10/01 v3.1.6a (3.1.6a)
\pgf@picminx=\dimen183
\pgf@picmaxx=\dimen184
\pgf@picminy=\dimen185
\pgf@picmaxy=\dimen186
\pgf@pathminx=\dimen187
\pgf@pathmaxx=\dimen188
\pgf@pathminy=\dimen189
\pgf@pathmaxy=\dimen190
\pgf@xx=\dimen191
\pgf@xy=\dimen192
\pgf@yx=\dimen193
\pgf@yy=\dimen194
\pgf@zx=\dimen195
\pgf@zy=\dimen196
)
("D:\Program Files (x86)\miktex\tex/generic/pgf/basiclayer\pgfcorepathconstruct
.code.tex"
File: pgfcorepathconstruct.code.tex 2020/10/01 v3.1.6a (3.1.6a)
\pgf@path@lastx=\dimen197
\pgf@path@lasty=\dimen198
)
("D:\Program Files (x86)\miktex\tex/generic/pgf/basiclayer\pgfcorepathusage.cod
e.tex"
File: pgfcorepathusage.code.tex 2020/10/01 v3.1.6a (3.1.6a)
\pgf@shorten@end@additional=\dimen199
\pgf@shorten@start@additional=\dimen256
)
("D:\Program Files (x86)\miktex\tex/generic/pgf/basiclayer\pgfcorescopes.code.t
ex"
File: pgfcorescopes.code.tex 2020/10/01 v3.1.6a (3.1.6a)
\pgfpic=\box62
\pgf@hbox=\box63
\pgf@layerbox@main=\box64
\pgf@picture@serial@count=\count310
)
("D:\Program Files (x86)\miktex\tex/generic/pgf/basiclayer\pgfcoregraphicstate.
code.tex"
File: pgfcoregraphicstate.code.tex 2020/10/01 v3.1.6a (3.1.6a)
\pgflinewidth=\dimen257
)
("D:\Program Files (x86)\miktex\tex/generic/pgf/basiclayer\pgfcoretransformatio
ns.code.tex"
File: pgfcoretransformations.code.tex 2020/10/01 v3.1.6a (3.1.6a)
\pgf@pt@x=\dimen258
\pgf@pt@y=\dimen259
\pgf@pt@temp=\dimen260
)
("D:\Program Files (x86)\miktex\tex/generic/pgf/basiclayer\pgfcorequick.code.te
x"
File: pgfcorequick.code.tex 2020/10/01 v3.1.6a (3.1.6a)
)
("D:\Program Files (x86)\miktex\tex/generic/pgf/basiclayer\pgfcoreobjects.code.
tex"
File: pgfcoreobjects.code.tex 2020/10/01 v3.1.6a (3.1.6a)
)
("D:\Program Files (x86)\miktex\tex/generic/pgf/basiclayer\pgfcorepathprocessin
g.code.tex"
File: pgfcorepathprocessing.code.tex 2020/10/01 v3.1.6a (3.1.6a)
)
("D:\Program Files (x86)\miktex\tex/generic/pgf/basiclayer\pgfcorearrows.code.t
ex"
File: pgfcorearrows.code.tex 2020/10/01 v3.1.6a (3.1.6a)
\pgfarrowsep=\dimen261
)
("D:\Program Files (x86)\miktex\tex/generic/pgf/basiclayer\pgfcoreshade.code.te
x"
File: pgfcoreshade.code.tex 2020/10/01 v3.1.6a (3.1.6a)
\pgf@max=\dimen262
\pgf@sys@shading@range@num=\count311
\pgf@shadingcount=\count312
)
("D:\Program Files (x86)\miktex\tex/generic/pgf/basiclayer\pgfcoreimage.code.te
x"
File: pgfcoreimage.code.tex 2020/10/01 v3.1.6a (3.1.6a)

("D:\Program Files (x86)\miktex\tex/generic/pgf/basiclayer\pgfcoreexternal.code
.tex"
File: pgfcoreexternal.code.tex 2020/10/01 v3.1.6a (3.1.6a)
\pgfexternal@startupbox=\box65
))
("D:\Program Files (x86)\miktex\tex/generic/pgf/basiclayer\pgfcorelayers.code.t
ex"
File: pgfcorelayers.code.tex 2020/10/01 v3.1.6a (3.1.6a)
)
("D:\Program Files (x86)\miktex\tex/generic/pgf/basiclayer\pgfcoretransparency.
code.tex"
File: pgfcoretransparency.code.tex 2020/10/01 v3.1.6a (3.1.6a)
)
("D:\Program Files (x86)\miktex\tex/generic/pgf/basiclayer\pgfcorepatterns.code
.tex"
File: pgfcorepatterns.code.tex 2020/10/01 v3.1.6a (3.1.6a)
)
("D:\Program Files (x86)\miktex\tex/generic/pgf/basiclayer\pgfcorerdf.code.tex"
File: pgfcorerdf.code.tex 2020/10/01 v3.1.6a (3.1.6a)
)))
("D:\Program Files (x86)\miktex\tex/generic/pgf/modules\pgfmoduleshapes.code.te
x"
File: pgfmoduleshapes.code.tex 2020/10/01 v3.1.6a (3.1.6a)
\pgfnodeparttextbox=\box66
)
("D:\Program Files (x86)\miktex\tex/generic/pgf/modules\pgfmoduleplot.code.tex"
File: pgfmoduleplot.code.tex 2020/10/01 v3.1.6a (3.1.6a)
)
("D:\Program Files (x86)\miktex\tex/latex/pgf/compatibility\pgfcomp-version-0-6
5.sty"
Package: pgfcomp-version-0-65 2020/10/01 v3.1.6a (3.1.6a)
\pgf@nodesepstart=\dimen263
\pgf@nodesepend=\dimen264
)
("D:\Program Files (x86)\miktex\tex/latex/pgf/compatibility\pgfcomp-version-1-1
8.sty"
Package: pgfcomp-version-1-18 2020/10/01 v3.1.6a (3.1.6a)
)) ("D:\Program Files (x86)\miktex\tex/latex/pgf/utilities\pgffor.sty"
("D:\Program Files (x86)\miktex\tex/latex/pgf/utilities\pgfkeys.sty"
("D:\Program Files (x86)\miktex\tex/generic/pgf/utilities\pgfkeys.code.tex"))
("D:\Program Files (x86)\miktex\tex/latex/pgf/math\pgfmath.sty"
("D:\Program Files (x86)\miktex\tex/generic/pgf/math\pgfmath.code.tex"))
("D:\Program Files (x86)\miktex\tex/generic/pgf/utilities\pgffor.code.tex"
Package: pgffor 2020/10/01 v3.1.6a (3.1.6a)

("D:\Program Files (x86)\miktex\tex/generic/pgf/math\pgfmath.code.tex")
\pgffor@iter=\dimen265
\pgffor@skip=\dimen266
\pgffor@stack=\toks35
\pgffor@toks=\toks36
))
("D:\Program Files (x86)\miktex\tex/generic/pgf/frontendlayer/tikz\tikz.code.te
x"
Package: tikz 2020/10/01 v3.1.6a (3.1.6a)

("D:\Program Files (x86)\miktex\tex/generic/pgf/libraries\pgflibraryplothandler
s.code.tex"
File: pgflibraryplothandlers.code.tex 2020/10/01 v3.1.6a (3.1.6a)
\pgf@plot@mark@count=\count313
\pgfplotmarksize=\dimen267
)
\tikz@lastx=\dimen268
\tikz@lasty=\dimen269
\tikz@lastxsaved=\dimen270
\tikz@lastysaved=\dimen271
\tikz@lastmovetox=\dimen272
\tikz@lastmovetoy=\dimen273
\tikzleveldistance=\dimen274
\tikzsiblingdistance=\dimen275
\tikz@figbox=\box67
\tikz@figbox@bg=\box68
\tikz@tempbox=\box69
\tikz@tempbox@bg=\box70
\tikztreelevel=\count314
\tikznumberofchildren=\count315
\tikznumberofcurrentchild=\count316
\tikz@fig@count=\count317

("D:\Program Files (x86)\miktex\tex/generic/pgf/modules\pgfmodulematrix.code.te
x"
File: pgfmodulematrix.code.tex 2020/10/01 v3.1.6a (3.1.6a)
\pgfmatrixcurrentrow=\count318
\pgfmatrixcurrentcolumn=\count319
\pgf@matrix@numberofcolumns=\count320
)
\tikz@expandcount=\count321

("D:\Program Files (x86)\miktex\tex/generic/pgf/frontendlayer/tikz/libraries\ti
kzlibrarytopaths.code.tex"
File: tikzlibrarytopaths.code.tex 2020/10/01 v3.1.6a (3.1.6a)
)))
("D:\Program Files (x86)\miktex\tex/latex/pgfplots\pgfplots.sty"
("D:\Program Files (x86)\miktex\tex/generic/pgfplots\pgfplots.revision.tex")
Package: pgfplots 2020/02/29 v1.17 Data Visualization (1.17)

("D:\Program Files (x86)\miktex\tex/generic/pgfplots\pgfplots.code.tex"
("D:\Program Files (x86)\miktex\tex/generic/pgfplots\pgfplotscore.code.tex"
\t@pgfplots@toka=\toks37
\t@pgfplots@tokb=\toks38
\t@pgfplots@tokc=\toks39
\pgfplots@tmpa=\dimen276
\c@pgfplots@coordindex=\count322
\c@pgfplots@scanlineindex=\count323

("D:\Program Files (x86)\miktex\tex/generic/pgfplots/sys\pgfplotssysgeneric.cod
e.tex"))
("D:\Program Files (x86)\miktex\tex/generic/pgfplots/libs\pgfplotslibrary.code.
tex")
("D:\Program Files (x86)\miktex\tex/generic/pgfplots/oldpgfcompatib\pgfplotsold
pgfsupp_loader.code.tex"
("D:\Program Files (x86)\miktex\tex/generic/pgf/libraries\pgflibraryfpu.code.te
x"))
("D:\Program Files (x86)\miktex\tex/generic/pgfplots/util\pgfplotsutil.code.tex
"
("D:\Program Files (x86)\miktex\tex/generic/pgfplots/liststructure\pgfplotslist
structure.code.tex")
("D:\Program Files (x86)\miktex\tex/generic/pgfplots/liststructure\pgfplotslist
structureext.code.tex")
("D:\Program Files (x86)\miktex\tex/generic/pgfplots/liststructure\pgfplotsarra
y.code.tex"
\c@pgfplotsarray@tmp=\count324
)
("D:\Program Files (x86)\miktex\tex/generic/pgfplots/liststructure\pgfplotsmatr
ix.code.tex")
("D:\Program Files (x86)\miktex\tex/generic/pgfplots/numtable\pgfplotstableshar
ed.code.tex"
\c@pgfplotstable@counta=\count325
\t@pgfplotstable@a=\toks40
)
("D:\Program Files (x86)\miktex\tex/generic/pgfplots/liststructure\pgfplotsdequ
e.code.tex")
("D:\Program Files (x86)\miktex\tex/generic/pgfplots/util\pgfplotsbinary.code.t
ex"
("D:\Program Files (x86)\miktex\tex/generic/pgfplots/util\pgfplotsbinary.data.c
ode.tex"))
("D:\Program Files (x86)\miktex\tex/generic/pgfplots/util\pgfplotsutil.verb.cod
e.tex")
("D:\Program Files (x86)\miktex\tex/generic/pgfplots/libs\pgflibrarypgfplots.su
rfshading.code.tex"
\c@pgfplotslibrarysurf@no=\count326

("D:\Program Files (x86)\miktex\tex/generic/pgfplots/sys\pgflibrarypgfplots.sur
fshading.pgfsys-pdftex.def")))
("D:\Program Files (x86)\miktex\tex/generic/pgfplots/util\pgfplotscolormap.code
.tex"
("D:\Program Files (x86)\miktex\tex/generic/pgfplots/util\pgfplotscolor.code.te
x"))
("D:\Program Files (x86)\miktex\tex/generic/pgfplots\pgfplotsstackedplots.code.
tex")
("D:\Program Files (x86)\miktex\tex/generic/pgfplots\pgfplotsplothandlers.code.
tex"
("D:\Program Files (x86)\miktex\tex/generic/pgfplots\pgfplotsmeshplothandler.co
de.tex"
("D:\Program Files (x86)\miktex\tex/generic/pgfplots\pgfplotsmeshplotimage.code
.tex")))
("D:\Program Files (x86)\miktex\tex/generic/pgfplots\pgfplots.scaling.code.tex"
)
("D:\Program Files (x86)\miktex\tex/generic/pgfplots\pgfplotscoordprocessing.co
de.tex")
("D:\Program Files (x86)\miktex\tex/generic/pgfplots\pgfplots.errorbars.code.te
x")
("D:\Program Files (x86)\miktex\tex/generic/pgfplots\pgfplots.markers.code.tex"
) ("D:\Program Files (x86)\miktex\tex/generic/pgfplots\pgfplotsticks.code.tex")
("D:\Program Files (x86)\miktex\tex/generic/pgfplots\pgfplots.paths.code.tex")
("D:\Program Files (x86)\miktex\tex/generic/pgf/frontendlayer/tikz/libraries\ti
kzlibrarydecorations.code.tex"
("D:\Program Files (x86)\miktex\tex/generic/pgf/modules\pgfmoduledecorations.co
de.tex"
\pgfdecoratedcompleteddistance=\dimen277
\pgfdecoratedremainingdistance=\dimen278
\pgfdecoratedinputsegmentcompleteddistance=\dimen279
\pgfdecoratedinputsegmentremainingdistance=\dimen280
\pgf@decorate@distancetomove=\dimen281
\pgf@decorate@repeatstate=\count327
\pgfdecorationsegmentamplitude=\dimen282
\pgfdecorationsegmentlength=\dimen283
)
\tikz@lib@dec@box=\box71
)
("D:\Program Files (x86)\miktex\tex/generic/pgf/frontendlayer/tikz/libraries\ti
kzlibrarydecorations.pathmorphing.code.tex"
("D:\Program Files (x86)\miktex\tex/generic/pgf/libraries/decorations\pgflibrar
ydecorations.pathmorphing.code.tex"))
("D:\Program Files (x86)\miktex\tex/generic/pgf/frontendlayer/tikz/libraries\ti
kzlibrarydecorations.pathreplacing.code.tex"
("D:\Program Files (x86)\miktex\tex/generic/pgf/libraries/decorations\pgflibrar
ydecorations.pathreplacing.code.tex"))
\pgfplots@numplots=\count328
\pgfplots@xmin@reg=\dimen284
\pgfplots@xmax@reg=\dimen285
\pgfplots@ymin@reg=\dimen286
\pgfplots@ymax@reg=\dimen287
\pgfplots@zmin@reg=\dimen288
\pgfplots@zmax@reg=\dimen289
)
("D:\Program Files (x86)\miktex\tex/generic/pgf/frontendlayer/tikz/libraries\ti
kzlibraryplotmarks.code.tex"
File: tikzlibraryplotmarks.code.tex 2020/10/01 v3.1.6a (3.1.6a)

("D:\Program Files (x86)\miktex\tex/generic/pgf/libraries\pgflibraryplotmarks.c
ode.tex"
File: pgflibraryplotmarks.code.tex 2020/10/01 v3.1.6a (3.1.6a)
)))
("D:\Program Files (x86)\miktex\tex/generic/pgfplots/libs\tikzlibrarypgfplots.f
illbetween.code.tex"
("D:\Program Files (x86)\miktex\tex/generic/pgfplots/pgfcontrib\tikzlibraryfill
between.code.tex"
("D:\Program Files (x86)\miktex\tex/generic/pgf/frontendlayer/tikz/libraries\ti
kzlibraryintersections.code.tex"
("D:\Program Files (x86)\miktex\tex/generic/pgf/libraries\pgflibraryintersectio
ns.code.tex"
\pgf@intersect@solutions=\count329
))
("D:\Program Files (x86)\miktex\tex/generic/pgfplots/pgfcontrib\tikzlibrarydeco
rations.softclip.code.tex"
("D:\Program Files (x86)\miktex\tex/generic/pgfplots/pgfcontrib\pgflibraryfillb
etween.code.tex")))
("D:\Program Files (x86)\miktex\tex/generic/pgfplots/libs\tikzlibrarypgfplots.d
ecorations.softclip.code.tex"))
("D:\Program Files (x86)\miktex\tex/generic/pgf/frontendlayer/tikz/libraries\ti
kzlibrarypatterns.code.tex"
File: tikzlibrarypatterns.code.tex 2020/10/01 v3.1.6a (3.1.6a)

("D:\Program Files (x86)\miktex\tex/generic/pgf/libraries\pgflibrarypatterns.co
de.tex"
File: pgflibrarypatterns.code.tex 2020/10/01 v3.1.6a (3.1.6a)
))
("D:\Program Files (x86)\miktex\tex/generic/pgf/frontendlayer/tikz/libraries\ti
kzlibrarycalc.code.tex"
File: tikzlibrarycalc.code.tex 2020/10/01 v3.1.6a (3.1.6a)
) ("D:\Program Files (x86)\miktex\tex/latex/tipa\tipa.sty"
Package: tipa 2002/08/08 TIPA version 1.1
 ("D:\Program Files (x86)\miktex\tex/latex/base\fontenc.sty"
Package: fontenc 2020/08/10 v2.0s Standard LaTeX package

("D:\Program Files (x86)\miktex\tex/latex/tipa\t3enc.def"
File: t3enc.def 2001/12/31 T3 encoding
Now handling font encoding T3 ...
... no UTF-8 mapping file for font encoding T3
)))
("D:\Program Files (x86)\miktex\tex/latex/geometry\geometry.sty"
Package: geometry 2020/01/02 v5.9 Page Geometry

("D:\Program Files (x86)\miktex\tex/generic/iftex\ifvtex.sty"
Package: ifvtex 2019/10/25 v1.7 ifvtex legacy package. Use iftex instead.
)
\Gm@cnth=\count330
\Gm@cntv=\count331
\c@Gm@tempcnt=\count332
\Gm@bindingoffset=\dimen290
\Gm@wd@mp=\dimen291
\Gm@odd@mp=\dimen292
\Gm@even@mp=\dimen293
\Gm@layoutwidth=\dimen294
\Gm@layoutheight=\dimen295
\Gm@layouthoffset=\dimen296
\Gm@layoutvoffset=\dimen297
\Gm@dimlist=\toks41

("D:\Program Files (x86)\miktex\tex/latex/geometry\geometry.cfg"))
("D:\Program Files (x86)\miktex\tex/latex/multido\multido.sty"
Package: multido 2004/05/17 package wrapper for PSTricks `multido.tex', (HV/RN)


("D:\Program Files (x86)\miktex\tex/generic/multido\multido.tex"
 v1.42, 2010/05/14 <tvz>
\multido@count=\count333
\multidocount=\count334
\multido@stuff=\toks42
)
File: multido.tex 2010/05/14 v1.42 `multido' (tvz,hv)
) ("Quiz 1 representation of data.aux")
\openout1 = `"Quiz 1 representation of data.aux"'.

LaTeX Font Info:    Checking defaults for OML/cmm/m/it on input line 93.
LaTeX Font Info:    ... okay on input line 93.
LaTeX Font Info:    Checking defaults for OMS/cmsy/m/n on input line 93.
LaTeX Font Info:    ... okay on input line 93.
LaTeX Font Info:    Checking defaults for OT1/cmr/m/n on input line 93.
LaTeX Font Info:    ... okay on input line 93.
LaTeX Font Info:    Checking defaults for T1/cmr/m/n on input line 93.
LaTeX Font Info:    ... okay on input line 93.
LaTeX Font Info:    Checking defaults for TS1/cmr/m/n on input line 93.
LaTeX Font Info:    ... okay on input line 93.
LaTeX Font Info:    Checking defaults for OMX/cmex/m/n on input line 93.
LaTeX Font Info:    ... okay on input line 93.
LaTeX Font Info:    Checking defaults for U/cmr/m/n on input line 93.
LaTeX Font Info:    ... okay on input line 93.
LaTeX Font Info:    Checking defaults for PD1/pdf/m/n on input line 93.
LaTeX Font Info:    ... okay on input line 93.
LaTeX Font Info:    Checking defaults for T3/cmr/m/n on input line 93.
LaTeX Font Info:    Trying to load font information for T3+cmr on input line 93
.

("D:\Program Files (x86)\miktex\tex/latex/tipa\t3cmr.fd"
File: t3cmr.fd 2001/12/31 TIPA font definitions
)
LaTeX Font Info:    ... okay on input line 93.

("D:\Program Files (x86)\miktex\tex/latex/siunitx\siunitx-abbreviations.cfg"
File: siunitx-abbreviations.cfg 2017/11/26 v2.7k siunitx: Abbreviated units
)
("D:\Program Files (x86)\miktex\tex/latex/translator\translator-basic-dictionar
y-English.dict"
Dictionary: translator-basic-dictionary, Language: English 
)
Package hyperref Info: Link coloring OFF on input line 93.
 ("D:\Program Files (x86)\miktex\tex/latex/hyperref\nameref.sty"
Package: nameref 2019/09/16 v2.46 Cross-referencing by name of section
 ("D:\Program Files (x86)\miktex\tex/latex/refcount\refcount.sty"
Package: refcount 2019/12/15 v3.6 Data extraction from label references (HO)
)
("D:\Program Files (x86)\miktex\tex/generic/gettitlestring\gettitlestring.sty"
Package: gettitlestring 2019/12/15 v1.6 Cleanup title references (HO)
)
\c@section@level=\count335
)
LaTeX Info: Redefining \ref on input line 93.
LaTeX Info: Redefining \pageref on input line 93.
LaTeX Info: Redefining \nameref on input line 93.
 ("Quiz 1 representation of data.out") ("Quiz 1 representation of data.out")
\@outlinefile=\write4
\openout4 = `"Quiz 1 representation of data.out"'.


("D:\Program Files (x86)\miktex\tex/context/base/mkii\supp-pdf.mkii"
[Loading MPS to PDF converter (version 2006.09.02).]
\scratchcounter=\count336
\scratchdimen=\dimen298
\scratchbox=\box72
\nofMPsegments=\count337
\nofMParguments=\count338
\everyMPshowfont=\toks43
\MPscratchCnt=\count339
\MPscratchDim=\dimen299
\MPnumerator=\count340
\makeMPintoPDFobject=\count341
\everyMPtoPDFconversion=\toks44
) ("D:\Program Files (x86)\miktex\tex/latex/epstopdf-pkg\epstopdf-base.sty"
Package: epstopdf-base 2020-01-24 v2.11 Base part for package epstopdf
Package epstopdf-base Info: Redefining graphics rule for `.eps' on input line 4
85.
)

Package pgfplots Warning: running in backwards compatibility mode (unsuitable t
ick labels; missing features). Consider writing \pgfplotsset{compat=1.17} into 
your preamble.
 on input line 93.

*geometry* driver: auto-detecting
*geometry* detected driver: pdftex
*geometry* verbose mode - [ preamble ] result:
* driver: pdftex
* paper: <default>
* layout: <same size as paper>
* layoutoffset:(h,v)=(0.0pt,0.0pt)
* modes: 
* h-part:(L,W,R)=(42.67912pt, 528.93675pt, 42.67912pt)
* v-part:(T,H,B)=(56.9055pt, 681.15898pt, 56.9055pt)
* \paperwidth=614.295pt
* \paperheight=794.96999pt
* \textwidth=528.93675pt
* \textheight=681.15898pt
* \oddsidemargin=-29.59087pt
* \evensidemargin=-29.59087pt
* \topmargin=-52.36449pt
* \headheight=12.0pt
* \headsep=25.0pt
* \topskip=11.0pt
* \footskip=30.0pt
* \marginparwidth=59.0pt
* \marginparsep=10.0pt
* \columnsep=10.0pt
* \skip\footins=10.0pt plus 4.0pt minus 2.0pt
* \hoffset=0.0pt
* \voffset=0.0pt
* \mag=1000
* \@twocolumnfalse
* \@twosidefalse
* \@mparswitchfalse
* \@reversemarginfalse
* (1in=72.27pt=25.4mm, 1cm=28.453pt)

LaTeX Font Info:    Trying to load font information for U+msa on input line 93.

("D:\Program Files (x86)\miktex\tex/latex/amsfonts\umsa.fd"
File: umsa.fd 2013/01/14 v3.01 AMS symbols A
)
LaTeX Font Info:    Trying to load font information for U+msb on input line 93.


("D:\Program Files (x86)\miktex\tex/latex/amsfonts\umsb.fd"
File: umsb.fd 2013/01/14 v3.01 AMS symbols B
)

pdfTeX warning: pdflatex.exe (file ./schoollogo.pdf): PDF inclusion: found PDF 
version <1.7>, but at most version <1.5> allowed
<schoollogo.pdf, id=6, 461.725pt x 70.2625pt>
File: schoollogo.pdf Graphic file (type pdf)
<use schoollogo.pdf>
Package pdftex.def Info: schoollogo.pdf  used on input line 100.
(pdftex.def)             Requested size: 369.38051pt x 56.21005pt.
LaTeX Font Info:    Trying to load font information for TS1+cmss on input line 
150.
("D:\Program Files (x86)\miktex\tex/latex/base\ts1cmss.fd"
File: ts1cmss.fd 2019/12/16 v2.5j Standard LaTeX font definitions
) [1

{C:/Users/Hunter/AppData/Local/MiKTeX/pdftex/config/pdftex.map} <./schoollogo.p
df>]pdfTeX warning (ext4): destination with the same identifier (name{page.1}) 
has been already used, duplicate ignored
<to be read again> 
                   \relax 
l.322 	\newpage
                [1

] [2] [3] [4] [5] [6]
Overfull \hbox (47.90999pt too wide) in paragraph at lines 656--661
[]$[] [] [] [] [] [] [] [] [] [] [] [] [] [] [] [] $ \OT1/cmss/m/n/10.95 THE EN
D $[] [] [] [] [] [] [] [] [] [] [] [] [] [] [] [] [] [] [] [] $ 
 []

[7] ("Quiz 1 representation of data.aux")
Package rerunfilecheck Info: File `"Quiz 1 representation of data".out' has not
 changed.
(rerunfilecheck)             Checksum: D41D8CD98F00B204E9800998ECF8427E;0.
 ) 
Here is how much of TeX's memory you used:
 35368 strings out of 479799
 861863 string characters out of 2876763
 1260603 words of memory out of 3000000
 51750 multiletter control sequences out of 15000+200000
 548951 words of font info for 82 fonts, out of 3000000 for 9000
 1141 hyphenation exceptions out of 8191
 108i,9n,111p,779b,2261s stack positions out of 5000i,500n,10000p,200000b,50000s
 <C:\Users\Hunter\AppData\Local\MiKTeX\fonts/pk/ljfour/jknappen/ec/dpi600\tcs
s1095.pk> <C:\Users\Hunter\AppData\Local\MiKTeX\fonts/pk/ljfour/jknappen/ec/dpi
600\tcss1200.pk><D:/Program Files (x86)/miktex/fonts/type1/public/amsfonts/cm/c
mex10.pfb><D:/Program Files (x86)/miktex/fonts/type1/public/amsfonts/cm/cmmi10.
pfb><D:/Program Files (x86)/miktex/fonts/type1/public/amsfonts/cm/cmr10.pfb><D:
/Program Files (x86)/miktex/fonts/type1/public/amsfonts/cm/cmr12.pfb><D:/Progra
m Files (x86)/miktex/fonts/type1/public/amsfonts/cm/cmr8.pfb><D:/Program Files 
(x86)/miktex/fonts/type1/public/amsfonts/cm/cmss10.pfb><D:/Program Files (x86)/
miktex/fonts/type1/public/amsfonts/cm/cmss12.pfb><D:/Program Files (x86)/miktex
/fonts/type1/public/amsfonts/cm/cmss17.pfb><D:/Program Files (x86)/miktex/fonts
/type1/public/amsfonts/cm/cmssbx10.pfb><D:/Program Files (x86)/miktex/fonts/typ
e1/public/amsfonts/cm/cmsy10.pfb>
Output written on "Quiz 1 representation of data.pdf" (8 pages, 166607 bytes).
PDF statistics:
 117 PDF objects out of 1000 (max. 8388607)
 24 named destinations out of 1000 (max. 500000)
 18 words of extra memory for PDF output out of 10000 (max. 10000000)

