\BOOKMARK [1][-]{section.1}{Representation of data}{}% 1
\BOOKMARK [2][-]{subsection.1.1}{Terminologies}{section.1}% 2
\BOOKMARK [2][-]{subsection.1.2}{Stem-and-leaf diagram}{section.1}% 3
\BOOKMARK [2][-]{subsection.1.3}{Histograms}{section.1}% 4
\BOOKMARK [2][-]{subsection.1.4}{Average}{section.1}% 5
\BOOKMARK [2][-]{subsection.1.5}{Variability of data}{section.1}% 6
\BOOKMARK [2][-]{subsection.1.6}{Cumulative frequency graph}{section.1}% 7
\BOOKMARK [2][-]{subsection.1.7}{Box-and-whisker plots}{section.1}% 8
\BOOKMARK [2][-]{subsection.1.8}{Choosing measures and diagrams}{section.1}% 9
\BOOKMARK [1][-]{section.2}{Permutations and combinations}{}% 10
\BOOKMARK [2][-]{subsection.2.1}{Arrangements in a line}{section.2}% 11
\BOOKMARK [2][-]{subsection.2.2}{Permuations of r items from n items}{section.2}% 12
\BOOKMARK [2][-]{subsection.2.3}{Combinations of r items from n items}{section.2}% 13
\BOOKMARK [1][-]{section.3}{Probability}{}% 14
\BOOKMARK [2][-]{subsection.3.1}{Introduction}{section.3}% 15
\BOOKMARK [2][-]{subsection.3.2}{Using permutations and combinations}{section.3}% 16
\BOOKMARK [2][-]{subsection.3.3}{Two or more events}{section.3}% 17
\BOOKMARK [2][-]{subsection.3.4}{Condtional probability}{section.3}% 18
\BOOKMARK [2][-]{subsection.3.5}{Probability trees}{section.3}% 19
\BOOKMARK [1][-]{section.4}{Discrete random variables}{}% 20
\BOOKMARK [2][-]{subsection.4.1}{Introduction}{section.4}% 21
\BOOKMARK [2][-]{subsection.4.2}{E\(X\), the expectation of X}{section.4}% 22
\BOOKMARK [2][-]{subsection.4.3}{Var\(X\), the variance of X}{section.4}% 23
