This is pdfTeX, Version 3.14159265-2.6-1.40.21 (MiKTeX 20.11) (preloaded format=pdflatex 2020.11.19)  9 MAR 2022 15:59
entering extended mode
**"./S1 new.tex"
("S1 new.tex"
LaTeX2e <2020-10-01> patch level 2
L3 programming layer <2020-10-27> xparse <2020-03-03>
("D:\Program Files (x86)\miktex\tex/latex/base\article.cls"
Document Class: article 2020/04/10 v1.4m Standard LaTeX document class
("D:\Program Files (x86)\miktex\tex/latex/base\size10.clo"
File: size10.clo 2020/04/10 v1.4m Standard LaTeX file (size option)
)
\c@part=\count175
\c@section=\count176
\c@subsection=\count177
\c@subsubsection=\count178
\c@paragraph=\count179
\c@subparagraph=\count180
\c@figure=\count181
\c@table=\count182
\abovecaptionskip=\skip47
\belowcaptionskip=\skip48
\bibindent=\dimen138
)
("D:\Program Files (x86)\miktex\tex/latex/preprint\fullpage.sty"
Package: fullpage 1999/02/23 1.1 (PWD)
\FP@margin=\skip49
)
("D:\Program Files (x86)\miktex\tex/latex/pgf/frontendlayer\tikz.sty"
("D:\Program Files (x86)\miktex\tex/latex/pgf/basiclayer\pgf.sty"
("D:\Program Files (x86)\miktex\tex/latex/pgf/utilities\pgfrcs.sty"
("D:\Program Files (x86)\miktex\tex/generic/pgf/utilities\pgfutil-common.tex"
\pgfutil@everybye=\toks15
\pgfutil@tempdima=\dimen139
\pgfutil@tempdimb=\dimen140

("D:\Program Files (x86)\miktex\tex/generic/pgf/utilities\pgfutil-common-lists.
tex"))
("D:\Program Files (x86)\miktex\tex/generic/pgf/utilities\pgfutil-latex.def"
\pgfutil@abb=\box47
)
("D:\Program Files (x86)\miktex\tex/generic/pgf/utilities\pgfrcs.code.tex"
("D:\Program Files (x86)\miktex\tex/generic/pgf\pgf.revision.tex")
Package: pgfrcs 2020/10/01 v3.1.6a (3.1.6a)
))
Package: pgf 2020/10/01 v3.1.6a (3.1.6a)

("D:\Program Files (x86)\miktex\tex/latex/pgf/basiclayer\pgfcore.sty"
("D:\Program Files (x86)\miktex\tex/latex/graphics\graphicx.sty"
Package: graphicx 2020/09/09 v1.2b Enhanced LaTeX Graphics (DPC,SPQR)

("D:\Program Files (x86)\miktex\tex/latex/graphics\keyval.sty"
Package: keyval 2014/10/28 v1.15 key=value parser (DPC)
\KV@toks@=\toks16
)
("D:\Program Files (x86)\miktex\tex/latex/graphics\graphics.sty"
Package: graphics 2020/08/30 v1.4c Standard LaTeX Graphics (DPC,SPQR)

("D:\Program Files (x86)\miktex\tex/latex/graphics\trig.sty"
Package: trig 2016/01/03 v1.10 sin cos tan (DPC)
)
("D:\Program Files (x86)\miktex\tex/latex/graphics-cfg\graphics.cfg"
File: graphics.cfg 2016/06/04 v1.11 sample graphics configuration
)
Package graphics Info: Driver file: pdftex.def on input line 105.

("D:\Program Files (x86)\miktex\tex/latex/graphics-def\pdftex.def"
File: pdftex.def 2020/10/05 v1.2a Graphics/color driver for pdftex
))
\Gin@req@height=\dimen141
\Gin@req@width=\dimen142
)
("D:\Program Files (x86)\miktex\tex/latex/pgf/systemlayer\pgfsys.sty"
("D:\Program Files (x86)\miktex\tex/generic/pgf/systemlayer\pgfsys.code.tex"
Package: pgfsys 2020/10/01 v3.1.6a (3.1.6a)

("D:\Program Files (x86)\miktex\tex/generic/pgf/utilities\pgfkeys.code.tex"
\pgfkeys@pathtoks=\toks17
\pgfkeys@temptoks=\toks18

("D:\Program Files (x86)\miktex\tex/generic/pgf/utilities\pgfkeysfiltered.code.
tex"
\pgfkeys@tmptoks=\toks19
))
\pgf@x=\dimen143
\pgf@y=\dimen144
\pgf@xa=\dimen145
\pgf@ya=\dimen146
\pgf@xb=\dimen147
\pgf@yb=\dimen148
\pgf@xc=\dimen149
\pgf@yc=\dimen150
\pgf@xd=\dimen151
\pgf@yd=\dimen152
\w@pgf@writea=\write3
\r@pgf@reada=\read2
\c@pgf@counta=\count183
\c@pgf@countb=\count184
\c@pgf@countc=\count185
\c@pgf@countd=\count186
\t@pgf@toka=\toks20
\t@pgf@tokb=\toks21
\t@pgf@tokc=\toks22
\pgf@sys@id@count=\count187
 ("D:\Program Files (x86)\miktex\tex/generic/pgf/systemlayer\pgf.cfg"
File: pgf.cfg 2020/10/01 v3.1.6a (3.1.6a)
)
Driver file for pgf: pgfsys-pdftex.def

("D:\Program Files (x86)\miktex\tex/generic/pgf/systemlayer\pgfsys-pdftex.def"
File: pgfsys-pdftex.def 2020/10/01 v3.1.6a (3.1.6a)

("D:\Program Files (x86)\miktex\tex/generic/pgf/systemlayer\pgfsys-common-pdf.d
ef"
File: pgfsys-common-pdf.def 2020/10/01 v3.1.6a (3.1.6a)
)))
("D:\Program Files (x86)\miktex\tex/generic/pgf/systemlayer\pgfsyssoftpath.code
.tex"
File: pgfsyssoftpath.code.tex 2020/10/01 v3.1.6a (3.1.6a)
\pgfsyssoftpath@smallbuffer@items=\count188
\pgfsyssoftpath@bigbuffer@items=\count189
)
("D:\Program Files (x86)\miktex\tex/generic/pgf/systemlayer\pgfsysprotocol.code
.tex"
File: pgfsysprotocol.code.tex 2020/10/01 v3.1.6a (3.1.6a)
)) ("D:\Program Files (x86)\miktex\tex/latex/xcolor\xcolor.sty"
Package: xcolor 2016/05/11 v2.12 LaTeX color extensions (UK)

("D:\Program Files (x86)\miktex\tex/latex/graphics-cfg\color.cfg"
File: color.cfg 2016/01/02 v1.6 sample color configuration
)
Package xcolor Info: Driver file: pdftex.def on input line 225.
Package xcolor Info: Model `cmy' substituted by `cmy0' on input line 1348.
Package xcolor Info: Model `hsb' substituted by `rgb' on input line 1352.
Package xcolor Info: Model `RGB' extended on input line 1364.
Package xcolor Info: Model `HTML' substituted by `rgb' on input line 1366.
Package xcolor Info: Model `Hsb' substituted by `hsb' on input line 1367.
Package xcolor Info: Model `tHsb' substituted by `hsb' on input line 1368.
Package xcolor Info: Model `HSB' substituted by `hsb' on input line 1369.
Package xcolor Info: Model `Gray' substituted by `gray' on input line 1370.
Package xcolor Info: Model `wave' substituted by `hsb' on input line 1371.
)
("D:\Program Files (x86)\miktex\tex/generic/pgf/basiclayer\pgfcore.code.tex"
Package: pgfcore 2020/10/01 v3.1.6a (3.1.6a)

("D:\Program Files (x86)\miktex\tex/generic/pgf/math\pgfmath.code.tex"
("D:\Program Files (x86)\miktex\tex/generic/pgf/math\pgfmathcalc.code.tex"
("D:\Program Files (x86)\miktex\tex/generic/pgf/math\pgfmathutil.code.tex")
("D:\Program Files (x86)\miktex\tex/generic/pgf/math\pgfmathparser.code.tex"
\pgfmath@dimen=\dimen153
\pgfmath@count=\count190
\pgfmath@box=\box48
\pgfmath@toks=\toks23
\pgfmath@stack@operand=\toks24
\pgfmath@stack@operation=\toks25
)
("D:\Program Files (x86)\miktex\tex/generic/pgf/math\pgfmathfunctions.code.tex"

("D:\Program Files (x86)\miktex\tex/generic/pgf/math\pgfmathfunctions.basic.cod
e.tex")
("D:\Program Files (x86)\miktex\tex/generic/pgf/math\pgfmathfunctions.trigonome
tric.code.tex")
("D:\Program Files (x86)\miktex\tex/generic/pgf/math\pgfmathfunctions.random.co
de.tex")
("D:\Program Files (x86)\miktex\tex/generic/pgf/math\pgfmathfunctions.compariso
n.code.tex")
("D:\Program Files (x86)\miktex\tex/generic/pgf/math\pgfmathfunctions.base.code
.tex")
("D:\Program Files (x86)\miktex\tex/generic/pgf/math\pgfmathfunctions.round.cod
e.tex")
("D:\Program Files (x86)\miktex\tex/generic/pgf/math\pgfmathfunctions.misc.code
.tex")
("D:\Program Files (x86)\miktex\tex/generic/pgf/math\pgfmathfunctions.integerar
ithmetics.code.tex")))
("D:\Program Files (x86)\miktex\tex/generic/pgf/math\pgfmathfloat.code.tex"
\c@pgfmathroundto@lastzeros=\count191
))
("D:\Program Files (x86)\miktex\tex/generic/pgf/math\pgfint.code.tex")
("D:\Program Files (x86)\miktex\tex/generic/pgf/basiclayer\pgfcorepoints.code.t
ex"
File: pgfcorepoints.code.tex 2020/10/01 v3.1.6a (3.1.6a)
\pgf@picminx=\dimen154
\pgf@picmaxx=\dimen155
\pgf@picminy=\dimen156
\pgf@picmaxy=\dimen157
\pgf@pathminx=\dimen158
\pgf@pathmaxx=\dimen159
\pgf@pathminy=\dimen160
\pgf@pathmaxy=\dimen161
\pgf@xx=\dimen162
\pgf@xy=\dimen163
\pgf@yx=\dimen164
\pgf@yy=\dimen165
\pgf@zx=\dimen166
\pgf@zy=\dimen167
)
("D:\Program Files (x86)\miktex\tex/generic/pgf/basiclayer\pgfcorepathconstruct
.code.tex"
File: pgfcorepathconstruct.code.tex 2020/10/01 v3.1.6a (3.1.6a)
\pgf@path@lastx=\dimen168
\pgf@path@lasty=\dimen169
)
("D:\Program Files (x86)\miktex\tex/generic/pgf/basiclayer\pgfcorepathusage.cod
e.tex"
File: pgfcorepathusage.code.tex 2020/10/01 v3.1.6a (3.1.6a)
\pgf@shorten@end@additional=\dimen170
\pgf@shorten@start@additional=\dimen171
)
("D:\Program Files (x86)\miktex\tex/generic/pgf/basiclayer\pgfcorescopes.code.t
ex"
File: pgfcorescopes.code.tex 2020/10/01 v3.1.6a (3.1.6a)
\pgfpic=\box49
\pgf@hbox=\box50
\pgf@layerbox@main=\box51
\pgf@picture@serial@count=\count192
)
("D:\Program Files (x86)\miktex\tex/generic/pgf/basiclayer\pgfcoregraphicstate.
code.tex"
File: pgfcoregraphicstate.code.tex 2020/10/01 v3.1.6a (3.1.6a)
\pgflinewidth=\dimen172
)
("D:\Program Files (x86)\miktex\tex/generic/pgf/basiclayer\pgfcoretransformatio
ns.code.tex"
File: pgfcoretransformations.code.tex 2020/10/01 v3.1.6a (3.1.6a)
\pgf@pt@x=\dimen173
\pgf@pt@y=\dimen174
\pgf@pt@temp=\dimen175
)
("D:\Program Files (x86)\miktex\tex/generic/pgf/basiclayer\pgfcorequick.code.te
x"
File: pgfcorequick.code.tex 2020/10/01 v3.1.6a (3.1.6a)
)
("D:\Program Files (x86)\miktex\tex/generic/pgf/basiclayer\pgfcoreobjects.code.
tex"
File: pgfcoreobjects.code.tex 2020/10/01 v3.1.6a (3.1.6a)
)
("D:\Program Files (x86)\miktex\tex/generic/pgf/basiclayer\pgfcorepathprocessin
g.code.tex"
File: pgfcorepathprocessing.code.tex 2020/10/01 v3.1.6a (3.1.6a)
)
("D:\Program Files (x86)\miktex\tex/generic/pgf/basiclayer\pgfcorearrows.code.t
ex"
File: pgfcorearrows.code.tex 2020/10/01 v3.1.6a (3.1.6a)
\pgfarrowsep=\dimen176
)
("D:\Program Files (x86)\miktex\tex/generic/pgf/basiclayer\pgfcoreshade.code.te
x"
File: pgfcoreshade.code.tex 2020/10/01 v3.1.6a (3.1.6a)
\pgf@max=\dimen177
\pgf@sys@shading@range@num=\count193
\pgf@shadingcount=\count194
)
("D:\Program Files (x86)\miktex\tex/generic/pgf/basiclayer\pgfcoreimage.code.te
x"
File: pgfcoreimage.code.tex 2020/10/01 v3.1.6a (3.1.6a)

("D:\Program Files (x86)\miktex\tex/generic/pgf/basiclayer\pgfcoreexternal.code
.tex"
File: pgfcoreexternal.code.tex 2020/10/01 v3.1.6a (3.1.6a)
\pgfexternal@startupbox=\box52
))
("D:\Program Files (x86)\miktex\tex/generic/pgf/basiclayer\pgfcorelayers.code.t
ex"
File: pgfcorelayers.code.tex 2020/10/01 v3.1.6a (3.1.6a)
)
("D:\Program Files (x86)\miktex\tex/generic/pgf/basiclayer\pgfcoretransparency.
code.tex"
File: pgfcoretransparency.code.tex 2020/10/01 v3.1.6a (3.1.6a)
)
("D:\Program Files (x86)\miktex\tex/generic/pgf/basiclayer\pgfcorepatterns.code
.tex"
File: pgfcorepatterns.code.tex 2020/10/01 v3.1.6a (3.1.6a)
)
("D:\Program Files (x86)\miktex\tex/generic/pgf/basiclayer\pgfcorerdf.code.tex"
File: pgfcorerdf.code.tex 2020/10/01 v3.1.6a (3.1.6a)
)))
("D:\Program Files (x86)\miktex\tex/generic/pgf/modules\pgfmoduleshapes.code.te
x"
File: pgfmoduleshapes.code.tex 2020/10/01 v3.1.6a (3.1.6a)
\pgfnodeparttextbox=\box53
)
("D:\Program Files (x86)\miktex\tex/generic/pgf/modules\pgfmoduleplot.code.tex"
File: pgfmoduleplot.code.tex 2020/10/01 v3.1.6a (3.1.6a)
)
("D:\Program Files (x86)\miktex\tex/latex/pgf/compatibility\pgfcomp-version-0-6
5.sty"
Package: pgfcomp-version-0-65 2020/10/01 v3.1.6a (3.1.6a)
\pgf@nodesepstart=\dimen178
\pgf@nodesepend=\dimen179
)
("D:\Program Files (x86)\miktex\tex/latex/pgf/compatibility\pgfcomp-version-1-1
8.sty"
Package: pgfcomp-version-1-18 2020/10/01 v3.1.6a (3.1.6a)
)) ("D:\Program Files (x86)\miktex\tex/latex/pgf/utilities\pgffor.sty"
("D:\Program Files (x86)\miktex\tex/latex/pgf/utilities\pgfkeys.sty"
("D:\Program Files (x86)\miktex\tex/generic/pgf/utilities\pgfkeys.code.tex"))
("D:\Program Files (x86)\miktex\tex/latex/pgf/math\pgfmath.sty"
("D:\Program Files (x86)\miktex\tex/generic/pgf/math\pgfmath.code.tex"))
("D:\Program Files (x86)\miktex\tex/generic/pgf/utilities\pgffor.code.tex"
Package: pgffor 2020/10/01 v3.1.6a (3.1.6a)

("D:\Program Files (x86)\miktex\tex/generic/pgf/math\pgfmath.code.tex")
\pgffor@iter=\dimen180
\pgffor@skip=\dimen181
\pgffor@stack=\toks26
\pgffor@toks=\toks27
))
("D:\Program Files (x86)\miktex\tex/generic/pgf/frontendlayer/tikz\tikz.code.te
x"
Package: tikz 2020/10/01 v3.1.6a (3.1.6a)

("D:\Program Files (x86)\miktex\tex/generic/pgf/libraries\pgflibraryplothandler
s.code.tex"
File: pgflibraryplothandlers.code.tex 2020/10/01 v3.1.6a (3.1.6a)
\pgf@plot@mark@count=\count195
\pgfplotmarksize=\dimen182
)
\tikz@lastx=\dimen183
\tikz@lasty=\dimen184
\tikz@lastxsaved=\dimen185
\tikz@lastysaved=\dimen186
\tikz@lastmovetox=\dimen187
\tikz@lastmovetoy=\dimen188
\tikzleveldistance=\dimen189
\tikzsiblingdistance=\dimen190
\tikz@figbox=\box54
\tikz@figbox@bg=\box55
\tikz@tempbox=\box56
\tikz@tempbox@bg=\box57
\tikztreelevel=\count196
\tikznumberofchildren=\count197
\tikznumberofcurrentchild=\count198
\tikz@fig@count=\count199

("D:\Program Files (x86)\miktex\tex/generic/pgf/modules\pgfmodulematrix.code.te
x"
File: pgfmodulematrix.code.tex 2020/10/01 v3.1.6a (3.1.6a)
\pgfmatrixcurrentrow=\count266
\pgfmatrixcurrentcolumn=\count267
\pgf@matrix@numberofcolumns=\count268
)
\tikz@expandcount=\count269

("D:\Program Files (x86)\miktex\tex/generic/pgf/frontendlayer/tikz/libraries\ti
kzlibrarytopaths.code.tex"
File: tikzlibrarytopaths.code.tex 2020/10/01 v3.1.6a (3.1.6a)
)))
("D:\Program Files (x86)\miktex\tex/latex/pgfplots\pgfplots.sty"
("D:\Program Files (x86)\miktex\tex/generic/pgfplots\pgfplots.revision.tex")
Package: pgfplots 2020/02/29 v1.17 Data Visualization (1.17)

("D:\Program Files (x86)\miktex\tex/generic/pgfplots\pgfplots.code.tex"
("D:\Program Files (x86)\miktex\tex/generic/pgfplots\pgfplotscore.code.tex"
\t@pgfplots@toka=\toks28
\t@pgfplots@tokb=\toks29
\t@pgfplots@tokc=\toks30
\pgfplots@tmpa=\dimen191
\c@pgfplots@coordindex=\count270
\c@pgfplots@scanlineindex=\count271

("D:\Program Files (x86)\miktex\tex/generic/pgfplots/sys\pgfplotssysgeneric.cod
e.tex"))
("D:\Program Files (x86)\miktex\tex/generic/pgfplots/libs\pgfplotslibrary.code.
tex")
("D:\Program Files (x86)\miktex\tex/generic/pgfplots/oldpgfcompatib\pgfplotsold
pgfsupp_loader.code.tex"
("D:\Program Files (x86)\miktex\tex/generic/pgf/libraries\pgflibraryfpu.code.te
x"))
("D:\Program Files (x86)\miktex\tex/generic/pgfplots/util\pgfplotsutil.code.tex
"
("D:\Program Files (x86)\miktex\tex/generic/pgfplots/liststructure\pgfplotslist
structure.code.tex")
("D:\Program Files (x86)\miktex\tex/generic/pgfplots/liststructure\pgfplotslist
structureext.code.tex")
("D:\Program Files (x86)\miktex\tex/generic/pgfplots/liststructure\pgfplotsarra
y.code.tex"
\c@pgfplotsarray@tmp=\count272
)
("D:\Program Files (x86)\miktex\tex/generic/pgfplots/liststructure\pgfplotsmatr
ix.code.tex")
("D:\Program Files (x86)\miktex\tex/generic/pgfplots/numtable\pgfplotstableshar
ed.code.tex"
\c@pgfplotstable@counta=\count273
\t@pgfplotstable@a=\toks31
)
("D:\Program Files (x86)\miktex\tex/generic/pgfplots/liststructure\pgfplotsdequ
e.code.tex")
("D:\Program Files (x86)\miktex\tex/generic/pgfplots/util\pgfplotsbinary.code.t
ex"
("D:\Program Files (x86)\miktex\tex/generic/pgfplots/util\pgfplotsbinary.data.c
ode.tex"))
("D:\Program Files (x86)\miktex\tex/generic/pgfplots/util\pgfplotsutil.verb.cod
e.tex")
("D:\Program Files (x86)\miktex\tex/generic/pgfplots/libs\pgflibrarypgfplots.su
rfshading.code.tex"
\c@pgfplotslibrarysurf@no=\count274

("D:\Program Files (x86)\miktex\tex/generic/pgfplots/sys\pgflibrarypgfplots.sur
fshading.pgfsys-pdftex.def")))
("D:\Program Files (x86)\miktex\tex/generic/pgfplots/util\pgfplotscolormap.code
.tex"
("D:\Program Files (x86)\miktex\tex/generic/pgfplots/util\pgfplotscolor.code.te
x"))
("D:\Program Files (x86)\miktex\tex/generic/pgfplots\pgfplotsstackedplots.code.
tex")
("D:\Program Files (x86)\miktex\tex/generic/pgfplots\pgfplotsplothandlers.code.
tex"
("D:\Program Files (x86)\miktex\tex/generic/pgfplots\pgfplotsmeshplothandler.co
de.tex"
("D:\Program Files (x86)\miktex\tex/generic/pgfplots\pgfplotsmeshplotimage.code
.tex")))
("D:\Program Files (x86)\miktex\tex/generic/pgfplots\pgfplots.scaling.code.tex"
)
("D:\Program Files (x86)\miktex\tex/generic/pgfplots\pgfplotscoordprocessing.co
de.tex")
("D:\Program Files (x86)\miktex\tex/generic/pgfplots\pgfplots.errorbars.code.te
x")
("D:\Program Files (x86)\miktex\tex/generic/pgfplots\pgfplots.markers.code.tex"
) ("D:\Program Files (x86)\miktex\tex/generic/pgfplots\pgfplotsticks.code.tex")
("D:\Program Files (x86)\miktex\tex/generic/pgfplots\pgfplots.paths.code.tex")
("D:\Program Files (x86)\miktex\tex/generic/pgf/frontendlayer/tikz/libraries\ti
kzlibrarydecorations.code.tex"
("D:\Program Files (x86)\miktex\tex/generic/pgf/modules\pgfmoduledecorations.co
de.tex"
\pgfdecoratedcompleteddistance=\dimen192
\pgfdecoratedremainingdistance=\dimen193
\pgfdecoratedinputsegmentcompleteddistance=\dimen194
\pgfdecoratedinputsegmentremainingdistance=\dimen195
\pgf@decorate@distancetomove=\dimen196
\pgf@decorate@repeatstate=\count275
\pgfdecorationsegmentamplitude=\dimen197
\pgfdecorationsegmentlength=\dimen198
)
\tikz@lib@dec@box=\box58
)
("D:\Program Files (x86)\miktex\tex/generic/pgf/frontendlayer/tikz/libraries\ti
kzlibrarydecorations.pathmorphing.code.tex"
("D:\Program Files (x86)\miktex\tex/generic/pgf/libraries/decorations\pgflibrar
ydecorations.pathmorphing.code.tex"))
("D:\Program Files (x86)\miktex\tex/generic/pgf/frontendlayer/tikz/libraries\ti
kzlibrarydecorations.pathreplacing.code.tex"
("D:\Program Files (x86)\miktex\tex/generic/pgf/libraries/decorations\pgflibrar
ydecorations.pathreplacing.code.tex"))
\pgfplots@numplots=\count276
\pgfplots@xmin@reg=\dimen199
\pgfplots@xmax@reg=\dimen256
\pgfplots@ymin@reg=\dimen257
\pgfplots@ymax@reg=\dimen258
\pgfplots@zmin@reg=\dimen259
\pgfplots@zmax@reg=\dimen260
)
("D:\Program Files (x86)\miktex\tex/generic/pgf/frontendlayer/tikz/libraries\ti
kzlibraryplotmarks.code.tex"
File: tikzlibraryplotmarks.code.tex 2020/10/01 v3.1.6a (3.1.6a)

("D:\Program Files (x86)\miktex\tex/generic/pgf/libraries\pgflibraryplotmarks.c
ode.tex"
File: pgflibraryplotmarks.code.tex 2020/10/01 v3.1.6a (3.1.6a)
))) ("D:\Program Files (x86)\miktex\tex/latex/amsmath\amsmath.sty"
Package: amsmath 2020/09/23 v2.17i AMS math features
\@mathmargin=\skip50

For additional information on amsmath, use the `?' option.
("D:\Program Files (x86)\miktex\tex/latex/amsmath\amstext.sty"
Package: amstext 2000/06/29 v2.01 AMS text

("D:\Program Files (x86)\miktex\tex/latex/amsmath\amsgen.sty"
File: amsgen.sty 1999/11/30 v2.0 generic functions
\@emptytoks=\toks32
\ex@=\dimen261
))
("D:\Program Files (x86)\miktex\tex/latex/amsmath\amsbsy.sty"
Package: amsbsy 1999/11/29 v1.2d Bold Symbols
\pmbraise@=\dimen262
)
("D:\Program Files (x86)\miktex\tex/latex/amsmath\amsopn.sty"
Package: amsopn 2016/03/08 v2.02 operator names
)
\inf@bad=\count277
LaTeX Info: Redefining \frac on input line 234.
\uproot@=\count278
\leftroot@=\count279
LaTeX Info: Redefining \overline on input line 399.
\classnum@=\count280
\DOTSCASE@=\count281
LaTeX Info: Redefining \ldots on input line 496.
LaTeX Info: Redefining \dots on input line 499.
LaTeX Info: Redefining \cdots on input line 620.
\Mathstrutbox@=\box59
\strutbox@=\box60
\big@size=\dimen263
LaTeX Font Info:    Redeclaring font encoding OML on input line 743.
LaTeX Font Info:    Redeclaring font encoding OMS on input line 744.
\macc@depth=\count282
\c@MaxMatrixCols=\count283
\dotsspace@=\muskip16
\c@parentequation=\count284
\dspbrk@lvl=\count285
\tag@help=\toks33
\row@=\count286
\column@=\count287
\maxfields@=\count288
\andhelp@=\toks34
\eqnshift@=\dimen264
\alignsep@=\dimen265
\tagshift@=\dimen266
\tagwidth@=\dimen267
\totwidth@=\dimen268
\lineht@=\dimen269
\@envbody=\toks35
\multlinegap=\skip51
\multlinetaggap=\skip52
\mathdisplay@stack=\toks36
LaTeX Info: Redefining \[ on input line 2923.
LaTeX Info: Redefining \] on input line 2924.
)
("D:\Program Files (x86)\miktex\tex/latex/physics\physics.sty"
Package: physics 

("D:\Program Files (x86)\miktex\tex/latex/l3packages/xparse\xparse.sty"
("D:\Program Files (x86)\miktex\tex/latex/l3kernel\expl3.sty"
Package: expl3 2020-10-27 L3 programming layer (loader) 

("D:\Program Files (x86)\miktex\tex/latex/l3backend\l3backend-pdftex.def"
File: l3backend-pdftex.def 2020-09-24 L3 backend support: PDF output (pdfTeX)
\l__kernel_color_stack_int=\count289
\l__pdf_internal_box=\box61
))
Package: xparse 2020-10-27 L3 Experimental document command parser

("D:\Program Files (x86)\miktex\tex/latex/l3packages/xparse\xparse-generic.tex"
))) ("D:\Program Files (x86)\miktex\tex/latex/multirow\multirow.sty"
Package: multirow 2019/05/31 v2.5 Span multiple rows of a table
\multirow@colwidth=\skip53
\multirow@cntb=\count290
\multirow@dima=\skip54
\bigstrutjot=\dimen270
)
("D:\Program Files (x86)\miktex\tex/latex/caption\caption.sty"
Package: caption 2020/10/26 v3.5g Customizing captions (AR)

("D:\Program Files (x86)\miktex\tex/latex/caption\caption3.sty"
Package: caption3 2020/10/21 v2.2e caption3 kernel (AR)
\captionmargin=\dimen271
\captionmargin@=\dimen272
\captionwidth=\dimen273
\caption@tempdima=\dimen274
\caption@indent=\dimen275
\caption@parindent=\dimen276
\caption@hangindent=\dimen277
Package caption Info: Standard document class detected.
)
\c@caption@flags=\count291
\c@continuedfloat=\count292
)
("D:\Program Files (x86)\miktex\tex/latex/caption\subcaption.sty"
Package: subcaption 2020/10/07 v1.3j Sub-captions (AR)
\c@subfigure=\count293
\c@subtable=\count294
)
("D:\Program Files (x86)\miktex\tex/latex/siunitx\siunitx.sty"
Package: siunitx 2020/02/25 v2.8b A comprehensive (SI) units package

("D:\Program Files (x86)\miktex\tex/latex/tools\array.sty"
Package: array 2019/08/31 v2.4l Tabular extension package (FMi)
\col@sep=\dimen278
\ar@mcellbox=\box62
\extrarowheight=\dimen279
\NC@list=\toks37
\extratabsurround=\skip55
\backup@length=\skip56
\ar@cellbox=\box63
)
("D:\Program Files (x86)\miktex\tex/latex/l3packages/l3keys2e\l3keys2e.sty"
Package: l3keys2e 2020-10-27 LaTeX2e option processing using LaTeX3 keys
)
\l__siunitx_tmp_box=\box64
\l__siunitx_tmp_dim=\dimen280
\l__siunitx_tmp_int=\count295
\l__siunitx_number_mantissa_length_int=\count296
\l__siunitx_number_uncert_length_int=\count297
\l__siunitx_round_int=\count298
\l__siunitx_process_decimal_int=\count299
\l__siunitx_process_uncertainty_int=\count300
\l__siunitx_process_fixed_int=\count301
\l__siunitx_process_integer_min_int=\count302
\l__siunitx_process_precision_int=\count303
\l__siunitx_group_min_int=\count304
\l__siunitx_angle_marker_box=\box65
\l__siunitx_angle_unit_box=\box66
\l__siunitx_angle_marker_dim=\dimen281
\l__siunitx_angle_unit_dim=\dimen282
\l__siunitx_unit_int=\count305
\l__siunitx_unit_denominator_int=\count306
\l__siunitx_unit_numerator_int=\count307
\l__siunitx_unit_prefix_int=\count308
\l__siunitx_unit_prefix_base_int=\count309
\l__siunitx_unit_prefix_gram_int=\count310
\l__siunitx_number_product_int=\count311
\c__siunitx_one_fill_skip=\skip57
\l__siunitx_table_unit_align_skip=\skip58
\l__siunitx_table_exponent_dim=\dimen283
\l__siunitx_table_integer_dim=\dimen284
\l__siunitx_table_mantissa_dim=\dimen285
\l__siunitx_table_marker_dim=\dimen286
\l__siunitx_table_result_dim=\dimen287
\l__siunitx_table_uncert_dim=\dimen288
\l__siunitx_table_fill_pre_dim=\dimen289
\l__siunitx_table_fill_post_dim=\dimen290
\l__siunitx_table_fill_mid_dim=\dimen291
\l__siunitx_table_pre_box=\box67
\l__siunitx_table_post_box=\box68
\l__siunitx_table_mantissa_box=\box69
\l__siunitx_table_result_box=\box70
\l__siunitx_table_number_align_skip=\skip59
\l__siunitx_table_text_align_skip=\skip60

("D:\Program Files (x86)\miktex\tex/latex/translator\translator.sty"
Package: translator 2020-08-03 v1.12c Easy translation of strings in LaTeX
))
("D:\Program Files (x86)\miktex\tex/latex/enumitem\enumitem.sty"
Package: enumitem 2019/06/20 v3.9 Customized lists
\labelindent=\skip61
\enit@outerparindent=\dimen292
\enit@toks=\toks38
\enit@inbox=\box71
\enit@count@id=\count312
\enitdp@description=\count313
)
("D:\Program Files (x86)\miktex\tex/latex/hyperref\hyperref.sty"
Package: hyperref 2020-05-15 v7.00e Hypertext links for LaTeX

("D:\Program Files (x86)\miktex\tex/generic/ltxcmds\ltxcmds.sty"
Package: ltxcmds 2020-05-10 v1.25 LaTeX kernel commands for general use (HO)
)
("D:\Program Files (x86)\miktex\tex/generic/iftex\iftex.sty"
Package: iftex 2020/03/06 v1.0d TeX engine tests
)
("D:\Program Files (x86)\miktex\tex/generic/pdftexcmds\pdftexcmds.sty"
Package: pdftexcmds 2020-06-27 v0.33 Utility functions of pdfTeX for LuaTeX (HO
)

("D:\Program Files (x86)\miktex\tex/generic/infwarerr\infwarerr.sty"
Package: infwarerr 2019/12/03 v1.5 Providing info/warning/error messages (HO)
)
Package pdftexcmds Info: \pdf@primitive is available.
Package pdftexcmds Info: \pdf@ifprimitive is available.
Package pdftexcmds Info: \pdfdraftmode found.
)
("D:\Program Files (x86)\miktex\tex/generic/kvsetkeys\kvsetkeys.sty"
Package: kvsetkeys 2019/12/15 v1.18 Key value parser (HO)
)
("D:\Program Files (x86)\miktex\tex/generic/kvdefinekeys\kvdefinekeys.sty"
Package: kvdefinekeys 2019-12-19 v1.6 Define keys (HO)
)
("D:\Program Files (x86)\miktex\tex/generic/pdfescape\pdfescape.sty"
Package: pdfescape 2019/12/09 v1.15 Implements pdfTeX's escape features (HO)
)
("D:\Program Files (x86)\miktex\tex/latex/hycolor\hycolor.sty"
Package: hycolor 2020-01-27 v1.10 Color options for hyperref/bookmark (HO)
)
("D:\Program Files (x86)\miktex\tex/latex/letltxmacro\letltxmacro.sty"
Package: letltxmacro 2019/12/03 v1.6 Let assignment for LaTeX macros (HO)
)
("D:\Program Files (x86)\miktex\tex/latex/auxhook\auxhook.sty"
Package: auxhook 2019-12-17 v1.6 Hooks for auxiliary files (HO)
)
("D:\Program Files (x86)\miktex\tex/latex/kvoptions\kvoptions.sty"
Package: kvoptions 2020-10-07 v3.14 Key value format for package options (HO)
)
\@linkdim=\dimen293
\Hy@linkcounter=\count314
\Hy@pagecounter=\count315

("D:\Program Files (x86)\miktex\tex/latex/hyperref\pd1enc.def"
File: pd1enc.def 2020-05-15 v7.00e Hyperref: PDFDocEncoding definition (HO)
Now handling font encoding PD1 ...
... no UTF-8 mapping file for font encoding PD1
)
("D:\Program Files (x86)\miktex\tex/generic/intcalc\intcalc.sty"
Package: intcalc 2019/12/15 v1.3 Expandable calculations with integers (HO)
)
("D:\Program Files (x86)\miktex\tex/generic/etexcmds\etexcmds.sty"
Package: etexcmds 2019/12/15 v1.7 Avoid name clashes with e-TeX commands (HO)
)
\Hy@SavedSpaceFactor=\count316
Package hyperref Info: Hyper figures OFF on input line 4464.
Package hyperref Info: Link nesting OFF on input line 4469.
Package hyperref Info: Hyper index ON on input line 4472.
Package hyperref Info: Plain pages OFF on input line 4479.
Package hyperref Info: Backreferencing OFF on input line 4484.
Package hyperref Info: Implicit mode ON; LaTeX internals redefined.
Package hyperref Info: Bookmarks ON on input line 4717.
\c@Hy@tempcnt=\count317

("D:\Program Files (x86)\miktex\tex/latex/url\url.sty"
\Urlmuskip=\muskip17
Package: url 2013/09/16  ver 3.4  Verb mode for urls, etc.
)
LaTeX Info: Redefining \url on input line 5076.
\XeTeXLinkMargin=\dimen294

("D:\Program Files (x86)\miktex\tex/generic/bitset\bitset.sty"
Package: bitset 2019/12/09 v1.3 Handle bit-vector datatype (HO)

("D:\Program Files (x86)\miktex\tex/generic/bigintcalc\bigintcalc.sty"
Package: bigintcalc 2019/12/15 v1.5 Expandable calculations on big integers (HO
)
))
\Fld@menulength=\count318
\Field@Width=\dimen295
\Fld@charsize=\dimen296
Package hyperref Info: Hyper figures OFF on input line 6347.
Package hyperref Info: Link nesting OFF on input line 6352.
Package hyperref Info: Hyper index ON on input line 6355.
Package hyperref Info: backreferencing OFF on input line 6362.
Package hyperref Info: Link coloring OFF on input line 6367.
Package hyperref Info: Link coloring with OCG OFF on input line 6372.
Package hyperref Info: PDF/A mode OFF on input line 6377.
LaTeX Info: Redefining \ref on input line 6417.
LaTeX Info: Redefining \pageref on input line 6421.

("D:\Program Files (x86)\miktex\tex/latex/base\atbegshi-ltx.sty"
Package: atbegshi-ltx 2020/08/17 v1.0a Emulation of the original atbegshi packa
ge
with kernel methods
)
\Hy@abspage=\count319
\c@Item=\count320
\c@Hfootnote=\count321
)
Package hyperref Info: Driver (autodetected): hpdftex.

("D:\Program Files (x86)\miktex\tex/latex/hyperref\hpdftex.def"
File: hpdftex.def 2020-05-15 v7.00e Hyperref driver for pdfTeX

("D:\Program Files (x86)\miktex\tex/latex/base\atveryend-ltx.sty"
Package: atveryend-ltx 2020/08/19 v1.0a Emulation of the original atvery packag
e
with kernel methods
)
\Fld@listcount=\count322
\c@bookmark@seq@number=\count323

("D:\Program Files (x86)\miktex\tex/latex/rerunfilecheck\rerunfilecheck.sty"
Package: rerunfilecheck 2019/12/05 v1.9 Rerun checks for auxiliary files (HO)

("D:\Program Files (x86)\miktex\tex/generic/uniquecounter\uniquecounter.sty"
Package: uniquecounter 2019/12/15 v1.4 Provide unlimited unique counter (HO)
)
Package uniquecounter Info: New unique counter `rerunfilecheck' on input line 2
86.
)
\Hy@SectionHShift=\skip62
) (aircraftshapes.sty
Package: aircraftshapes 
)
("D:\Program Files (x86)\miktex\tex/latex/graphics\rotating.sty"
Package: rotating 2016/08/11 v2.16d rotated objects in LaTeX

("D:\Program Files (x86)\miktex\tex/latex/base\ifthen.sty"
Package: ifthen 2014/09/29 v1.1c Standard LaTeX ifthen package (DPC)
)
\c@r@tfl@t=\count324
\rotFPtop=\skip63
\rotFPbot=\skip64
\rot@float@box=\box72
\rot@mess@toks=\toks39
)
("D:\Program Files (x86)\miktex\tex/generic/pgf/frontendlayer/tikz/libraries\ti
kzlibrarypatterns.code.tex"
File: tikzlibrarypatterns.code.tex 2020/10/01 v3.1.6a (3.1.6a)

("D:\Program Files (x86)\miktex\tex/generic/pgf/libraries\pgflibrarypatterns.co
de.tex"
File: pgflibrarypatterns.code.tex 2020/10/01 v3.1.6a (3.1.6a)
))
("D:\Program Files (x86)\miktex\tex/generic/pgf/frontendlayer/tikz/libraries\ti
kzlibraryarrows.code.tex"
File: tikzlibraryarrows.code.tex 2020/10/01 v3.1.6a (3.1.6a)

("D:\Program Files (x86)\miktex\tex/generic/pgf/libraries\pgflibraryarrows.code
.tex"
File: pgflibraryarrows.code.tex 2020/10/01 v3.1.6a (3.1.6a)
\arrowsize=\dimen297
))
("D:\Program Files (x86)\miktex\tex/generic/pgf/frontendlayer/tikz/libraries\ti
kzlibraryshapes.geometric.code.tex"
File: tikzlibraryshapes.geometric.code.tex 2020/10/01 v3.1.6a (3.1.6a)

("D:\Program Files (x86)\miktex\tex/generic/pgf/libraries/shapes\pgflibraryshap
es.geometric.code.tex"
File: pgflibraryshapes.geometric.code.tex 2020/10/01 v3.1.6a (3.1.6a)
))
("D:\Program Files (x86)\miktex\tex/generic/pgf/frontendlayer/tikz/libraries\ti
kzlibrarytrees.code.tex"
File: tikzlibrarytrees.code.tex 2020/10/01 v3.1.6a (3.1.6a)
)
("D:\Program Files (x86)\miktex\tex/generic/pgf/frontendlayer/tikz/libraries\ti
kzlibrarycalc.code.tex"
File: tikzlibrarycalc.code.tex 2020/10/01 v3.1.6a (3.1.6a)
)
("D:\Program Files (x86)\miktex\tex/latex/amsfonts\amssymb.sty"
Package: amssymb 2013/01/14 v3.01 AMS font symbols

("D:\Program Files (x86)\miktex\tex/latex/amsfonts\amsfonts.sty"
Package: amsfonts 2013/01/14 v3.01 Basic AMSFonts support
\symAMSa=\mathgroup4
\symAMSb=\mathgroup5
LaTeX Font Info:    Redeclaring math symbol \hbar on input line 98.
LaTeX Font Info:    Overwriting math alphabet `\mathfrak' in version `bold'
(Font)                  U/euf/m/n --> U/euf/b/n on input line 106.
))
\c@Exercise=\count325
\c@Miscellaneous=\count326
\c@Examstyle=\count327
 ("S1 new.aux")
\openout1 = `"S1 new.aux"'.

LaTeX Font Info:    Checking defaults for OML/cmm/m/it on input line 60.
LaTeX Font Info:    ... okay on input line 60.
LaTeX Font Info:    Checking defaults for OMS/cmsy/m/n on input line 60.
LaTeX Font Info:    ... okay on input line 60.
LaTeX Font Info:    Checking defaults for OT1/cmr/m/n on input line 60.
LaTeX Font Info:    ... okay on input line 60.
LaTeX Font Info:    Checking defaults for T1/cmr/m/n on input line 60.
LaTeX Font Info:    ... okay on input line 60.
LaTeX Font Info:    Checking defaults for TS1/cmr/m/n on input line 60.
LaTeX Font Info:    ... okay on input line 60.
LaTeX Font Info:    Checking defaults for OMX/cmex/m/n on input line 60.
LaTeX Font Info:    ... okay on input line 60.
LaTeX Font Info:    Checking defaults for U/cmr/m/n on input line 60.
LaTeX Font Info:    ... okay on input line 60.
LaTeX Font Info:    Checking defaults for PD1/pdf/m/n on input line 60.
LaTeX Font Info:    ... okay on input line 60.
 ("D:\Program Files (x86)\miktex\tex/context/base/mkii\supp-pdf.mkii"
[Loading MPS to PDF converter (version 2006.09.02).]
\scratchcounter=\count328
\scratchdimen=\dimen298
\scratchbox=\box73
\nofMPsegments=\count329
\nofMParguments=\count330
\everyMPshowfont=\toks40
\MPscratchCnt=\count331
\MPscratchDim=\dimen299
\MPnumerator=\count332
\makeMPintoPDFobject=\count333
\everyMPtoPDFconversion=\toks41
) ("D:\Program Files (x86)\miktex\tex/latex/epstopdf-pkg\epstopdf-base.sty"
Package: epstopdf-base 2020-01-24 v2.11 Base part for package epstopdf
Package epstopdf-base Info: Redefining graphics rule for `.eps' on input line 4
85.
)

Package pgfplots Warning: running in backwards compatibility mode (unsuitable t
ick labels; missing features). Consider writing \pgfplotsset{compat=1.17} into 
your preamble.
 on input line 60.

Package caption Info: Begin \AtBeginDocument code.
Package caption Info: hyperref package is loaded.
Package caption Info: rotating package is loaded.
Package caption Info: End \AtBeginDocument code.
("D:\Program Files (x86)\miktex\tex/latex/siunitx\siunitx-abbreviations.cfg"
File: siunitx-abbreviations.cfg 2017/11/26 v2.7k siunitx: Abbreviated units
)
("D:\Program Files (x86)\miktex\tex/latex/translator\translator-basic-dictionar
y-English.dict"
Dictionary: translator-basic-dictionary, Language: English 
)
Package hyperref Info: Link coloring OFF on input line 60.
 ("D:\Program Files (x86)\miktex\tex/latex/hyperref\nameref.sty"
Package: nameref 2019/09/16 v2.46 Cross-referencing by name of section
 ("D:\Program Files (x86)\miktex\tex/latex/refcount\refcount.sty"
Package: refcount 2019/12/15 v3.6 Data extraction from label references (HO)
)
("D:\Program Files (x86)\miktex\tex/generic/gettitlestring\gettitlestring.sty"
Package: gettitlestring 2019/12/15 v1.6 Cleanup title references (HO)
)
\c@section@level=\count334
)
LaTeX Info: Redefining \ref on input line 60.
LaTeX Info: Redefining \pageref on input line 60.
LaTeX Info: Redefining \nameref on input line 60.
 ("S1 new.out") ("S1 new.out")
\@outlinefile=\write4
\openout4 = `"S1 new.out"'.

LaTeX Font Info:    Trying to load font information for U+msa on input line 60.


("D:\Program Files (x86)\miktex\tex/latex/amsfonts\umsa.fd"
File: umsa.fd 2013/01/14 v3.01 AMS symbols A
)
LaTeX Font Info:    Trying to load font information for U+msb on input line 60.


("D:\Program Files (x86)\miktex\tex/latex/amsfonts\umsb.fd"
File: umsb.fd 2013/01/14 v3.01 AMS symbols B
)
("Sections/Representation of data.tex"
LaTeX Font Info:    Trying to load font information for TS1+cmss on input line 
17.

("D:\Program Files (x86)\miktex\tex/latex/base\ts1cmss.fd"
File: ts1cmss.fd 2019/12/16 v2.5j Standard LaTeX font definitions
) [1

{C:/Users/Hunter/AppData/Local/MiKTeX/pdftex/config/pdftex.map}] [2] [3] [4]
Missing character: There is no ` in font nullfont!
 [5] [6] [7]
[8] [9] [10] [11] [12] [13] [14]
Underfull \hbox (badness 1701) in paragraph at lines 1377--1378
[]\OT1/cmss/m/n/10 Represent the com-plete spread of
 []

[15] [16] [17] [18] [19]) ("Sections/Permutations and combinations.tex"
[20] [21] [22]

Package hyperref Warning: Token not allowed in a PDF string (PDFDocEncoding):
(hyperref)                removing `math shift' on input line 150.


Package hyperref Warning: Token not allowed in a PDF string (PDFDocEncoding):
(hyperref)                removing `math shift' on input line 150.


Package hyperref Warning: Token not allowed in a PDF string (PDFDocEncoding):
(hyperref)                removing `math shift' on input line 150.


Package hyperref Warning: Token not allowed in a PDF string (PDFDocEncoding):
(hyperref)                removing `math shift' on input line 150.


Overfull \hbox (10.42133pt too wide) in paragraph at lines 201--202
[]\OT1/cmss/m/n/10 Find how many num-bers big-ger than $\OT1/cmr/m/n/10 30 000$
 \OT1/cmss/m/n/10 but smaller than $\OT1/cmr/m/n/10 40 000$ \OT1/cmss/m/n/10 ca
n be formed the dig-its $\OT1/cmr/m/n/10 2\OML/cmm/m/it/10 ; \OT1/cmr/m/n/10 3\
OML/cmm/m/it/10 ; \OT1/cmr/m/n/10 4\OML/cmm/m/it/10 ; \OT1/cmr/m/n/10 5\OML/cmm
/m/it/10 ; \OT1/cmr/m/n/10 6\OML/cmm/m/it/10 ; \OT1/cmr/m/n/10 7\OML/cmm/m/it/1
0 ; \OT1/cmr/m/n/10 8$
 []

[23]

Package hyperref Warning: Token not allowed in a PDF string (PDFDocEncoding):
(hyperref)                removing `math shift' on input line 238.


Package hyperref Warning: Token not allowed in a PDF string (PDFDocEncoding):
(hyperref)                removing `math shift' on input line 238.


Package hyperref Warning: Token not allowed in a PDF string (PDFDocEncoding):
(hyperref)                removing `math shift' on input line 238.


Package hyperref Warning: Token not allowed in a PDF string (PDFDocEncoding):
(hyperref)                removing `math shift' on input line 238.

[24] [25] [26] [27]) (Sections/Probability.tex [28] [29] [30] [31]
Overfull \hbox (6.09811pt too wide) in paragraph at lines 363--364
[]\OT1/cmss/m/n/10 Events $\OML/cmm/m/it/10 A$ \OT1/cmss/m/n/10 and $\OML/cmm/m
/it/10 B$ \OT1/cmss/m/n/10 are such that $[]\OT1/cmr/m/n/10 (\OML/cmm/m/it/10 A
 []\OT1/cmr/m/n/10 ) = 0\OML/cmm/m/it/10 :\OT1/cmr/m/n/10 6$\OT1/cmss/m/n/10 , 
$[]\OT1/cmr/m/n/10 (\OML/cmm/m/it/10 B []\OT1/cmr/m/n/10 ) = 0\OML/cmm/m/it/10 
:\OT1/cmr/m/n/10 7$\OT1/cmss/m/n/10 , $[]\OT1/cmr/m/n/10 ([] \OML/cmm/m/it/10 A
 [] B []\OT1/cmr/m/n/10 ) =
 []

[32] [33] [34] [35] [36] [37] [38] [39] [40] [41])
("Sections/Discrete random variables.tex" [42] [43] [44]

Package hyperref Warning: Token not allowed in a PDF string (PDFDocEncoding):
(hyperref)                removing `math shift' on input line 144.


Package hyperref Warning: Token not allowed in a PDF string (PDFDocEncoding):
(hyperref)                removing `math shift' on input line 144.


Package hyperref Warning: Token not allowed in a PDF string (PDFDocEncoding):
(hyperref)                removing `math shift' on input line 144.


Package hyperref Warning: Token not allowed in a PDF string (PDFDocEncoding):
(hyperref)                removing `math shift' on input line 144.

[45]

Package hyperref Warning: Token not allowed in a PDF string (PDFDocEncoding):
(hyperref)                removing `math shift' on input line 238.


Package hyperref Warning: Token not allowed in a PDF string (PDFDocEncoding):
(hyperref)                removing `math shift' on input line 238.


Package hyperref Warning: Token not allowed in a PDF string (PDFDocEncoding):
(hyperref)                removing `math shift' on input line 238.


Package hyperref Warning: Token not allowed in a PDF string (PDFDocEncoding):
(hyperref)                removing `math shift' on input line 238.

[46] [47])

! LaTeX Error: File `Sections/Binomial distribution.tex' not found.

Type X to quit or <RETURN> to proceed,
or enter new name. (Default extension: tex)

Enter file name: 
! Emergency stop.
<read *> 
         
l.65 	\input{Sections/Binomial distribution}
                                            
*** (cannot \read from terminal in nonstop modes)

 
Here is how much of TeX's memory you used:
 34507 strings out of 479799
 837035 string characters out of 2876763
 1267957 words of memory out of 3000000
 50287 multiletter control sequences out of 15000+200000
 547061 words of font info for 76 fonts, out of 3000000 for 9000
 1141 hyphenation exceptions out of 8191
 108i,19n,111p,727b,2527s stack positions out of 5000i,500n,10000p,200000b,50000s
!  ==> Fatal error occurred, no output PDF file produced!
